#
# There is insufficient memory for the Java Runtime Environment to continue.
# Native memory allocation (malloc) failed to allocate 32744 bytes. Error detail: ChunkPool::allocate
# Possible reasons:
#   The system is out of physical RAM or swap space
#   This process is running with CompressedOops enabled, and the Java Heap may be blocking the growth of the native heap
# Possible solutions:
#   Reduce memory load on the system
#   Increase physical memory or swap space
#   Check if swap backing store is full
#   Decrease Java heap size (-Xmx/-Xms)
#   Decrease number of Java threads
#   Decrease Java thread stack sizes (-Xss)
#   Set larger code cache with -XX:ReservedCodeCacheSize=
#   JVM is running with Unscaled Compressed Oops mode in which the Java heap is
#     placed in the first 4GB address space. The Java Heap base address is the
#     maximum limit for the native heap growth. Please use -XX:HeapBaseMinAddress
#     to set the Java Heap base and to place the Java Heap above 4GB virtual address.
# This output file may be truncated or incomplete.
#
#  Out of Memory Error (arena.cpp:79), pid=1508, tid=18988
#
# JRE version: OpenJDK Runtime Environment JBR-17.0.12+1-1087.25-nomod (17.0.12+1) (build 17.0.12+1-b1087.25)
# Java VM: OpenJDK 64-Bit Server VM JBR-17.0.12+1-1087.25-nomod (17.0.12+1-b1087.25, mixed mode, emulated-client, tiered, compressed oops, compressed class ptrs, g1 gc, windows-amd64)
# No core dump will be written. Minidumps are not enabled by default on client versions of Windows
#

---------------  S U M M A R Y ------------

Command Line: -XX:TieredStopAtLevel=1 -Dspring.output.ansi.enabled=always -Dcom.sun.management.jmxremote -Dspring.jmx.enabled=true -Dspring.liveBeansView.mbeanDomain -Dspring.application.admin.enabled=true -Dmanagement.endpoints.jmx.exposure.include=* -javaagent:C:\Program Files\JetBrains\IntelliJ IDEA 2024.2.1\lib\idea_rt.jar=61615:C:\Program Files\JetBrains\IntelliJ IDEA 2024.2.1\bin -Dfile.encoding=UTF-8 com.esprit.microservice.commande.CommandeApplication

Host: Intel(R) Core(TM) i5-9300H CPU @ 2.40GHz, 8 cores, 7G,  Windows 11 , 64 bit Build 22621 (10.0.22621.4974)
Time: Sun Apr  6 21:11:40 2025 W. Central Africa Standard Time elapsed time: 16.171478 seconds (0d 0h 0m 16s)

---------------  T H R E A D  ---------------

Current thread (0x000001a10a269060):  JavaThread "C1 CompilerThread1" daemon [_thread_in_native, id=18988, stack(0x0000008e48600000,0x0000008e48700000)]


Current CompileTask:
C1:  16171 8505   !   1       org.apache.catalina.core.StandardWrapperValve::invoke (2681 bytes)

Stack: [0x0000008e48600000,0x0000008e48700000]
Native frames: (J=compiled Java code, j=interpreted, Vv=VM code, C=native code)
V  [jvm.dll+0x688dd9]
V  [jvm.dll+0x842eaa]
V  [jvm.dll+0x844aee]
V  [jvm.dll+0x845153]
V  [jvm.dll+0x24ba3f]
V  [jvm.dll+0xac741]
V  [jvm.dll+0xacb8c]
V  [jvm.dll+0x153262]
V  [jvm.dll+0x15c80e]
V  [jvm.dll+0x154364]
V  [jvm.dll+0x153aaf]
V  [jvm.dll+0x1536b7]
V  [jvm.dll+0x1534ee]
V  [jvm.dll+0x137329]
V  [jvm.dll+0x136e8a]
V  [jvm.dll+0x137076]
V  [jvm.dll+0x13650a]
V  [jvm.dll+0x1381c1]
V  [jvm.dll+0x22c918]
V  [jvm.dll+0x22aa50]
V  [jvm.dll+0x7f73d7]
V  [jvm.dll+0x7f17da]
V  [jvm.dll+0x687c55]
C  [ucrtbase.dll+0x29333]
C  [KERNEL32.DLL+0x1259d]
C  [ntdll.dll+0x5af38]


---------------  P R O C E S S  ---------------

Threads class SMR info:
_java_thread_list=0x000001a10d3cdb50, length=44, elements={
0x000001a10a014020, 0x000001a10a016eb0, 0x000001a10a05c4d0, 0x000001a10a05d090,
0x000001a10a05fa60, 0x000001a10a060420, 0x000001a10a064390, 0x000001a10a06cda0,
0x000001a17f37ed20, 0x000001a10a269060, 0x000001a10ac4c5d0, 0x000001a10abf7780,
0x000001a10ae48d80, 0x000001a10add9640, 0x000001a10ae67580, 0x000001a10ae66340,
0x000001a10aec8bc0, 0x000001a10b43fa40, 0x000001a10b440e80, 0x000001a10b441390,
0x000001a10b4418a0, 0x000001a10b43c7a0, 0x000001a10b43eb10, 0x000001a10b43e0f0,
0x000001a10b4431f0, 0x000001a10b43e600, 0x000001a10b43f020, 0x000001a10b4427d0,
0x000001a10b440460, 0x000001a10b43ff50, 0x000001a10b440970, 0x000001a10b4422c0,
0x000001a10b43bd80, 0x000001a10b442ce0, 0x000001a10b443700, 0x000001a10b43ccb0,
0x000001a10b43c290, 0x000001a10b43d1c0, 0x000001a10b43d6d0, 0x000001a10c7851e0,
0x000001a10c785c00, 0x000001a10c7898c0, 0x000001a10c789dd0, 0x000001a10c78b720
}

Java Threads: ( => current thread )
  0x000001a10a014020 JavaThread "Reference Handler" daemon [_thread_blocked, id=28380, stack(0x0000008e47d00000,0x0000008e47e00000)]
  0x000001a10a016eb0 JavaThread "Finalizer" daemon [_thread_blocked, id=21328, stack(0x0000008e47e00000,0x0000008e47f00000)]
  0x000001a10a05c4d0 JavaThread "Signal Dispatcher" daemon [_thread_blocked, id=9368, stack(0x0000008e47f00000,0x0000008e48000000)]
  0x000001a10a05d090 JavaThread "Attach Listener" daemon [_thread_blocked, id=25144, stack(0x0000008e48000000,0x0000008e48100000)]
  0x000001a10a05fa60 JavaThread "Service Thread" daemon [_thread_blocked, id=23284, stack(0x0000008e48100000,0x0000008e48200000)]
  0x000001a10a060420 JavaThread "Monitor Deflation Thread" daemon [_thread_blocked, id=9992, stack(0x0000008e48200000,0x0000008e48300000)]
  0x000001a10a064390 JavaThread "C1 CompilerThread0" daemon [_thread_in_native, id=30416, stack(0x0000008e48300000,0x0000008e48400000)]
  0x000001a10a06cda0 JavaThread "Sweeper thread" daemon [_thread_blocked, id=19820, stack(0x0000008e48400000,0x0000008e48500000)]
  0x000001a17f37ed20 JavaThread "Common-Cleaner" daemon [_thread_blocked, id=28308, stack(0x0000008e48500000,0x0000008e48600000)]
=>0x000001a10a269060 JavaThread "C1 CompilerThread1" daemon [_thread_in_native, id=18988, stack(0x0000008e48600000,0x0000008e48700000)]
  0x000001a10ac4c5d0 JavaThread "Monitor Ctrl-Break" daemon [_thread_in_native, id=25176, stack(0x0000008e48700000,0x0000008e48800000)]
  0x000001a10abf7780 JavaThread "Notification Thread" daemon [_thread_blocked, id=15688, stack(0x0000008e48800000,0x0000008e48900000)]
  0x000001a10ae48d80 JavaThread "RMI TCP Accept-0" daemon [_thread_in_native, id=24720, stack(0x0000008e48900000,0x0000008e48a00000)]
  0x000001a10add9640 JavaThread "RMI TCP Connection(1)-192.168.50.1" daemon [_thread_in_native, id=29060, stack(0x0000008e48b00000,0x0000008e48c00000)]
  0x000001a10ae67580 JavaThread "RMI TCP Connection(2)-192.168.50.1" daemon [_thread_in_native, id=30284, stack(0x0000008e48c00000,0x0000008e48d00000)]
  0x000001a10ae66340 JavaThread "RMI Scheduler(0)" daemon [_thread_blocked, id=30560, stack(0x0000008e48e00000,0x0000008e48f00000)]
  0x000001a10aec8bc0 JavaThread "JMX server connection timeout 22" daemon [_thread_blocked, id=30576, stack(0x0000008e48f00000,0x0000008e49000000)]
  0x000001a10b43fa40 JavaThread "Catalina-utility-1" [_thread_blocked, id=29160, stack(0x0000008e48d00000,0x0000008e48e00000)]
  0x000001a10b440e80 JavaThread "Catalina-utility-2" [_thread_blocked, id=3116, stack(0x0000008e49a00000,0x0000008e49b00000)]
  0x000001a10b441390 JavaThread "container-0" [_thread_blocked, id=25080, stack(0x0000008e49b00000,0x0000008e49c00000)]
  0x000001a10b4418a0 JavaThread "BufferPoolPruner-1-thread-1" daemon [_thread_blocked, id=30520, stack(0x0000008e49c00000,0x0000008e49d00000)]
  0x000001a10b43c7a0 JavaThread "cluster-ClusterId{value='67f2dff3281c1f5fad836219', description='null'}-localhost:27017" daemon [_thread_in_native, id=29024, stack(0x0000008e49d00000,0x0000008e49e00000)]
  0x000001a10b43eb10 JavaThread "cluster-rtt-ClusterId{value='67f2dff3281c1f5fad836219', description='null'}-localhost:27017" daemon [_thread_blocked, id=25480, stack(0x0000008e49e00000,0x0000008e49f00000)]
  0x000001a10b43e0f0 JavaThread "MaintenanceTimer-2-thread-1" daemon [_thread_blocked, id=29464, stack(0x0000008e4a000000,0x0000008e4a100000)]
  0x000001a10b4431f0 JavaThread "spring.cloud.inetutils" daemon [_thread_blocked, id=30256, stack(0x0000008e4a100000,0x0000008e4a200000)]
  0x000001a10b43e600 JavaThread "Cleaner-0" daemon [_thread_blocked, id=6116, stack(0x0000008e4a200000,0x0000008e4a300000)]
  0x000001a10b43f020 JavaThread "spectator-gauge-polling-0" daemon [_thread_blocked, id=30536, stack(0x0000008e4a300000,0x0000008e4a400000)]
  0x000001a10b4427d0 JavaThread "AsyncResolver-bootstrap-%d" daemon [_thread_blocked, id=23276, stack(0x0000008e4a400000,0x0000008e4a500000)]
  0x000001a10b440460 JavaThread "DiscoveryClient-%d" daemon [_thread_blocked, id=30332, stack(0x0000008e49900000,0x0000008e49a00000)]
  0x000001a10b43ff50 JavaThread "DiscoveryClient-%d" daemon [_thread_blocked, id=21436, stack(0x0000008e4a500000,0x0000008e4a600000)]
  0x000001a10b440970 JavaThread "DiscoveryClient-InstanceInfoReplicator-%d" daemon [_thread_blocked, id=30580, stack(0x0000008e4a600000,0x0000008e4a700000)]
  0x000001a10b4422c0 JavaThread "http-nio-8066-exec-1" daemon [_thread_blocked, id=6428, stack(0x0000008e4a700000,0x0000008e4a800000)]
  0x000001a10b43bd80 JavaThread "http-nio-8066-exec-2" daemon [_thread_blocked, id=29184, stack(0x0000008e4a800000,0x0000008e4a900000)]
  0x000001a10b442ce0 JavaThread "http-nio-8066-exec-3" daemon [_thread_blocked, id=7764, stack(0x0000008e4a900000,0x0000008e4aa00000)]
  0x000001a10b443700 JavaThread "http-nio-8066-exec-4" daemon [_thread_in_vm, id=29332, stack(0x0000008e4aa00000,0x0000008e4ab00000)] _threads_hazard_ptr=0x000001a10d3cdb50
  0x000001a10b43ccb0 JavaThread "http-nio-8066-exec-5" daemon [_thread_blocked, id=29548, stack(0x0000008e4ab00000,0x0000008e4ac00000)]
  0x000001a10b43c290 JavaThread "http-nio-8066-exec-6" daemon [_thread_blocked, id=16792, stack(0x0000008e4ac00000,0x0000008e4ad00000)]
  0x000001a10b43d1c0 JavaThread "http-nio-8066-exec-7" daemon [_thread_blocked, id=7020, stack(0x0000008e4ad00000,0x0000008e4ae00000)]
  0x000001a10b43d6d0 JavaThread "http-nio-8066-exec-8" daemon [_thread_blocked, id=28884, stack(0x0000008e4ae00000,0x0000008e4af00000)]
  0x000001a10c7851e0 JavaThread "http-nio-8066-exec-9" daemon [_thread_blocked, id=8432, stack(0x0000008e4af00000,0x0000008e4b000000)]
  0x000001a10c785c00 JavaThread "http-nio-8066-exec-10" daemon [_thread_blocked, id=2420, stack(0x0000008e4b000000,0x0000008e4b100000)]
  0x000001a10c7898c0 JavaThread "http-nio-8066-Poller" daemon [_thread_in_native, id=21736, stack(0x0000008e4b100000,0x0000008e4b200000)]
  0x000001a10c789dd0 JavaThread "http-nio-8066-Acceptor" daemon [_thread_in_native, id=21908, stack(0x0000008e4b200000,0x0000008e4b300000)]
  0x000001a10c78b720 JavaThread "DestroyJavaVM" [_thread_blocked, id=27100, stack(0x0000008e47600000,0x0000008e47700000)]

Other Threads:
  0x000001a17f3de300 VMThread "VM Thread" [stack: 0x0000008e47c00000,0x0000008e47d00000] [id=13732]
  0x000001a17743ed60 WatcherThread [stack: 0x0000008e48a00000,0x0000008e48b00000] [id=22448]
  0x000001a177498b10 GCTaskThread "GC Thread#0" [stack: 0x0000008e47700000,0x0000008e47800000] [id=2640]
  0x000001a17743f000 GCTaskThread "GC Thread#1" [stack: 0x0000008e49000000,0x0000008e49100000] [id=24048]
  0x000001a10aea6460 GCTaskThread "GC Thread#2" [stack: 0x0000008e49100000,0x0000008e49200000] [id=17952]
  0x000001a10af2b510 GCTaskThread "GC Thread#3" [stack: 0x0000008e49200000,0x0000008e49300000] [id=23636]
  0x000001a10af2b7d0 GCTaskThread "GC Thread#4" [stack: 0x0000008e49300000,0x0000008e49400000] [id=11168]
  0x000001a10af2ba90 GCTaskThread "GC Thread#5" [stack: 0x0000008e49400000,0x0000008e49500000] [id=29368]
  0x000001a10af2bd50 GCTaskThread "GC Thread#6" [stack: 0x0000008e49500000,0x0000008e49600000] [id=6308]
  0x000001a10af36030 GCTaskThread "GC Thread#7" [stack: 0x0000008e49600000,0x0000008e49700000] [id=23024]
  0x000001a1774aa5b0 ConcurrentGCThread "G1 Main Marker" [stack: 0x0000008e47800000,0x0000008e47900000] [id=21932]
  0x000001a1774aafd0 ConcurrentGCThread "G1 Conc#0" [stack: 0x0000008e47900000,0x0000008e47a00000] [id=17236]
  0x000001a10b4de070 ConcurrentGCThread "G1 Conc#1" [stack: 0x0000008e49800000,0x0000008e49900000] [id=8528]
  0x000001a17f246900 ConcurrentGCThread "G1 Refine#0" [stack: 0x0000008e47a00000,0x0000008e47b00000] [id=28980]
  0x000001a10af11310 ConcurrentGCThread "G1 Refine#1" [stack: 0x0000008e49700000,0x0000008e49800000] [id=29664]
  0x000001a17f247330 ConcurrentGCThread "G1 Service" [stack: 0x0000008e47b00000,0x0000008e47c00000] [id=25548]

Threads with active compile tasks:
C1 CompilerThread0    16446 8590       1       org.springframework.web.servlet.mvc.method.annotation.RequestResponseBodyAdviceChain::processBody (71 bytes)
C1 CompilerThread1    16446 8505   !   1       org.apache.catalina.core.StandardWrapperValve::invoke (2681 bytes)

VM state: not at safepoint (normal execution)

VM Mutex/Monitor currently owned by a thread:  ([mutex/lock_event])
[0x000001a17742b670] SystemDictionary_lock - owner thread: 0x0000000000000000

Heap address: 0x0000000082600000, size: 2010 MB, Compressed Oops mode: 32-bit

CDS archive(s) not mapped
Compressed class space mapped at: 0x0000000100000000-0x0000000140000000, reserved size: 1073741824
Narrow klass base: 0x0000000000000000, Narrow klass shift: 3, Narrow klass range: 0x140000000

GC Precious Log:
 CPUs: 8 total, 8 available
 Memory: 8036M
 Large Page Support: Disabled
 NUMA Support: Disabled
 Compressed Oops: Enabled (32-bit)
 Heap Region Size: 1M
 Heap Min Capacity: 8M
 Heap Initial Capacity: 126M
 Heap Max Capacity: 2010M
 Pre-touch: Disabled
 Parallel Workers: 8
 Concurrent Workers: 2
 Concurrent Refinement Workers: 8
 Periodic GC: Disabled

Heap:
 garbage-first heap   total 321536K, used 178372K [0x0000000082600000, 0x0000000100000000)
  region size 1024K, 132 young (135168K), 1 survivors (1024K)
 Metaspace       used 68223K, committed 68800K, reserved 1114112K
  class space    used 9593K, committed 9856K, reserved 1048576K

Heap Regions: E=young(eden), S=young(survivor), O=old, HS=humongous(starts), HC=humongous(continues), CS=collection set, F=free, OA=open archive, CA=closed archive, TAMS=top-at-mark-start (previous, next)
|   0|0x0000000082600000, 0x0000000082700000, 0x0000000082700000|100%|HS|  |TAMS 0x0000000082700000, 0x0000000082600000| Complete 
|   1|0x0000000082700000, 0x0000000082800000, 0x0000000082800000|100%| O|  |TAMS 0x0000000082800000, 0x0000000082700000| Untracked 
|   2|0x0000000082800000, 0x0000000082900000, 0x0000000082900000|100%|HS|  |TAMS 0x0000000082900000, 0x0000000082800000| Complete 
|   3|0x0000000082900000, 0x0000000082a00000, 0x0000000082a00000|100%| O|  |TAMS 0x0000000082a00000, 0x0000000082900000| Untracked 
|   4|0x0000000082a00000, 0x0000000082b00000, 0x0000000082b00000|100%| O|  |TAMS 0x0000000082b00000, 0x0000000082a00000| Untracked 
|   5|0x0000000082b00000, 0x0000000082c00000, 0x0000000082c00000|100%| O|  |TAMS 0x0000000082c00000, 0x0000000082b00000| Untracked 
|   6|0x0000000082c00000, 0x0000000082d00000, 0x0000000082d00000|100%| O|  |TAMS 0x0000000082d00000, 0x0000000082c00000| Untracked 
|   7|0x0000000082d00000, 0x0000000082e00000, 0x0000000082e00000|100%| O|  |TAMS 0x0000000082e00000, 0x0000000082d00000| Untracked 
|   8|0x0000000082e00000, 0x0000000082f00000, 0x0000000082f00000|100%| O|  |TAMS 0x0000000082f00000, 0x0000000082e00000| Untracked 
|   9|0x0000000082f00000, 0x0000000083000000, 0x0000000083000000|100%| O|  |TAMS 0x0000000083000000, 0x0000000082f00000| Untracked 
|  10|0x0000000083000000, 0x0000000083100000, 0x0000000083100000|100%| O|  |TAMS 0x0000000083100000, 0x0000000083000000| Untracked 
|  11|0x0000000083100000, 0x0000000083200000, 0x0000000083200000|100%| O|  |TAMS 0x0000000083200000, 0x0000000083100000| Untracked 
|  12|0x0000000083200000, 0x0000000083300000, 0x0000000083300000|100%| O|  |TAMS 0x0000000083300000, 0x0000000083200000| Untracked 
|  13|0x0000000083300000, 0x0000000083400000, 0x0000000083400000|100%| O|  |TAMS 0x0000000083400000, 0x0000000083300000| Untracked 
|  14|0x0000000083400000, 0x0000000083500000, 0x0000000083500000|100%| O|  |TAMS 0x0000000083500000, 0x0000000083400000| Untracked 
|  15|0x0000000083500000, 0x0000000083600000, 0x0000000083600000|100%| O|  |TAMS 0x0000000083600000, 0x0000000083500000| Untracked 
|  16|0x0000000083600000, 0x000000008367cc00, 0x0000000083700000| 48%| O|  |TAMS 0x000000008367cc00, 0x0000000083600000| Untracked 
|  17|0x0000000083700000, 0x0000000083800000, 0x0000000083800000|100%| O|  |TAMS 0x0000000083800000, 0x0000000083700000| Untracked 
|  18|0x0000000083800000, 0x0000000083900000, 0x0000000083900000|100%| O|  |TAMS 0x0000000083900000, 0x0000000083800000| Untracked 
|  19|0x0000000083900000, 0x0000000083a00000, 0x0000000083a00000|100%| O|  |TAMS 0x0000000083a00000, 0x0000000083900000| Untracked 
|  20|0x0000000083a00000, 0x0000000083b00000, 0x0000000083b00000|100%| O|  |TAMS 0x0000000083b00000, 0x0000000083a00000| Untracked 
|  21|0x0000000083b00000, 0x0000000083c00000, 0x0000000083c00000|100%| O|  |TAMS 0x0000000083c00000, 0x0000000083b00000| Untracked 
|  22|0x0000000083c00000, 0x0000000083d00000, 0x0000000083d00000|100%| O|  |TAMS 0x0000000083d00000, 0x0000000083c00000| Untracked 
|  23|0x0000000083d00000, 0x0000000083e00000, 0x0000000083e00000|100%| O|  |TAMS 0x0000000083e00000, 0x0000000083d00000| Untracked 
|  24|0x0000000083e00000, 0x0000000083f00000, 0x0000000083f00000|100%| O|  |TAMS 0x0000000083f00000, 0x0000000083e00000| Untracked 
|  25|0x0000000083f00000, 0x0000000084000000, 0x0000000084000000|100%| O|  |TAMS 0x0000000084000000, 0x0000000083f00000| Untracked 
|  26|0x0000000084000000, 0x0000000084100000, 0x0000000084100000|100%| O|  |TAMS 0x0000000084100000, 0x0000000084000000| Untracked 
|  27|0x0000000084100000, 0x0000000084200000, 0x0000000084200000|100%| O|  |TAMS 0x0000000084200000, 0x0000000084100000| Untracked 
|  28|0x0000000084200000, 0x0000000084300000, 0x0000000084300000|100%| O|  |TAMS 0x0000000084300000, 0x0000000084200000| Untracked 
|  29|0x0000000084300000, 0x0000000084400000, 0x0000000084400000|100%| O|  |TAMS 0x0000000084400000, 0x0000000084300000| Untracked 
|  30|0x0000000084400000, 0x0000000084500000, 0x0000000084500000|100%| O|  |TAMS 0x0000000084500000, 0x0000000084400000| Untracked 
|  31|0x0000000084500000, 0x0000000084600000, 0x0000000084600000|100%| O|  |TAMS 0x0000000084600000, 0x0000000084500000| Untracked 
|  32|0x0000000084600000, 0x000000008465a000, 0x0000000084700000| 35%| O|  |TAMS 0x0000000084600000, 0x0000000084600000| Untracked 
|  33|0x0000000084700000, 0x0000000084700000, 0x0000000084800000|  0%| F|  |TAMS 0x0000000084700000, 0x0000000084700000| Untracked 
|  34|0x0000000084800000, 0x0000000084900000, 0x0000000084900000|100%| O|  |TAMS 0x0000000084800000, 0x0000000084800000| Untracked 
|  35|0x0000000084900000, 0x0000000084900000, 0x0000000084a00000|  0%| F|  |TAMS 0x0000000084900000, 0x0000000084900000| Untracked 
|  36|0x0000000084a00000, 0x0000000084b00000, 0x0000000084b00000|100%| O|  |TAMS 0x0000000084b00000, 0x0000000084a00000| Untracked 
|  37|0x0000000084b00000, 0x0000000084c00000, 0x0000000084c00000|100%| O|  |TAMS 0x0000000084b00000, 0x0000000084b00000| Untracked 
|  38|0x0000000084c00000, 0x0000000084c00000, 0x0000000084d00000|  0%| F|  |TAMS 0x0000000084c00000, 0x0000000084c00000| Untracked 
|  39|0x0000000084d00000, 0x0000000084e00000, 0x0000000084e00000|100%| O|  |TAMS 0x0000000084e00000, 0x0000000084d00000| Untracked 
|  40|0x0000000084e00000, 0x0000000084f00000, 0x0000000084f00000|100%| O|  |TAMS 0x0000000084f00000, 0x0000000084e00000| Untracked 
|  41|0x0000000084f00000, 0x0000000085000000, 0x0000000085000000|100%| O|  |TAMS 0x0000000085000000, 0x0000000084f00000| Untracked 
|  42|0x0000000085000000, 0x0000000085000000, 0x0000000085100000|  0%| F|  |TAMS 0x0000000085000000, 0x0000000085000000| Untracked 
|  43|0x0000000085100000, 0x0000000085100000, 0x0000000085200000|  0%| F|  |TAMS 0x0000000085100000, 0x0000000085100000| Untracked 
|  44|0x0000000085200000, 0x0000000085200000, 0x0000000085300000|  0%| F|  |TAMS 0x0000000085200000, 0x0000000085200000| Untracked 
|  45|0x0000000085300000, 0x0000000085300000, 0x0000000085400000|  0%| F|  |TAMS 0x0000000085300000, 0x0000000085300000| Untracked 
|  46|0x0000000085400000, 0x0000000085400000, 0x0000000085500000|  0%| F|  |TAMS 0x0000000085400000, 0x0000000085400000| Untracked 
|  47|0x0000000085500000, 0x0000000085600000, 0x0000000085600000|100%| O|  |TAMS 0x0000000085600000, 0x0000000085500000| Untracked 
|  48|0x0000000085600000, 0x0000000085600000, 0x0000000085700000|  0%| F|  |TAMS 0x0000000085600000, 0x0000000085600000| Untracked 
|  49|0x0000000085700000, 0x0000000085700000, 0x0000000085800000|  0%| F|  |TAMS 0x0000000085700000, 0x0000000085700000| Untracked 
|  50|0x0000000085800000, 0x0000000085800000, 0x0000000085900000|  0%| F|  |TAMS 0x0000000085800000, 0x0000000085800000| Untracked 
|  51|0x0000000085900000, 0x0000000085900000, 0x0000000085a00000|  0%| F|  |TAMS 0x0000000085900000, 0x0000000085900000| Untracked 
|  52|0x0000000085a00000, 0x0000000085a00000, 0x0000000085b00000|  0%| F|  |TAMS 0x0000000085a00000, 0x0000000085a00000| Untracked 
|  53|0x0000000085b00000, 0x0000000085b00000, 0x0000000085c00000|  0%| F|  |TAMS 0x0000000085b00000, 0x0000000085b00000| Untracked 
|  54|0x0000000085c00000, 0x0000000085c00000, 0x0000000085d00000|  0%| F|  |TAMS 0x0000000085c00000, 0x0000000085c00000| Untracked 
|  55|0x0000000085d00000, 0x0000000085d00000, 0x0000000085e00000|  0%| F|  |TAMS 0x0000000085d00000, 0x0000000085d00000| Untracked 
|  56|0x0000000085e00000, 0x0000000085e00000, 0x0000000085f00000|  0%| F|  |TAMS 0x0000000085e00000, 0x0000000085e00000| Untracked 
|  57|0x0000000085f00000, 0x0000000086000000, 0x0000000086000000|100%| O|  |TAMS 0x0000000086000000, 0x0000000085f00000| Untracked 
|  58|0x0000000086000000, 0x0000000086000000, 0x0000000086100000|  0%| F|  |TAMS 0x0000000086000000, 0x0000000086000000| Untracked 
|  59|0x0000000086100000, 0x0000000086100000, 0x0000000086200000|  0%| F|  |TAMS 0x0000000086100000, 0x0000000086100000| Untracked 
|  60|0x0000000086200000, 0x0000000086200000, 0x0000000086300000|  0%| F|  |TAMS 0x0000000086200000, 0x0000000086200000| Untracked 
|  61|0x0000000086300000, 0x0000000086300000, 0x0000000086400000|  0%| F|  |TAMS 0x0000000086300000, 0x0000000086300000| Untracked 
|  62|0x0000000086400000, 0x0000000086400000, 0x0000000086500000|  0%| F|  |TAMS 0x0000000086400000, 0x0000000086400000| Untracked 
|  63|0x0000000086500000, 0x0000000086500000, 0x0000000086600000|  0%| F|  |TAMS 0x0000000086500000, 0x0000000086500000| Untracked 
|  64|0x0000000086600000, 0x0000000086600000, 0x0000000086700000|  0%| F|  |TAMS 0x0000000086600000, 0x0000000086600000| Untracked 
|  65|0x0000000086700000, 0x0000000086700000, 0x0000000086800000|  0%| F|  |TAMS 0x0000000086700000, 0x0000000086700000| Untracked 
|  66|0x0000000086800000, 0x0000000086800000, 0x0000000086900000|  0%| F|  |TAMS 0x0000000086800000, 0x0000000086800000| Untracked 
|  67|0x0000000086900000, 0x0000000086900000, 0x0000000086a00000|  0%| F|  |TAMS 0x0000000086900000, 0x0000000086900000| Untracked 
|  68|0x0000000086a00000, 0x0000000086a00000, 0x0000000086b00000|  0%| F|  |TAMS 0x0000000086a00000, 0x0000000086a00000| Untracked 
|  69|0x0000000086b00000, 0x0000000086b00000, 0x0000000086c00000|  0%| F|  |TAMS 0x0000000086b00000, 0x0000000086b00000| Untracked 
|  70|0x0000000086c00000, 0x0000000086c00000, 0x0000000086d00000|  0%| F|  |TAMS 0x0000000086c00000, 0x0000000086c00000| Untracked 
|  71|0x0000000086d00000, 0x0000000086d00000, 0x0000000086e00000|  0%| F|  |TAMS 0x0000000086d00000, 0x0000000086d00000| Untracked 
|  72|0x0000000086e00000, 0x0000000086e00000, 0x0000000086f00000|  0%| F|  |TAMS 0x0000000086e00000, 0x0000000086e00000| Untracked 
|  73|0x0000000086f00000, 0x0000000087000000, 0x0000000087000000|100%| O|  |TAMS 0x0000000086f2e600, 0x0000000086f00000| Untracked 
|  74|0x0000000087000000, 0x0000000087100000, 0x0000000087100000|100%| O|  |TAMS 0x0000000087000000, 0x0000000087000000| Untracked 
|  75|0x0000000087100000, 0x0000000087200000, 0x0000000087200000|100%| O|  |TAMS 0x0000000087100000, 0x0000000087100000| Untracked 
|  76|0x0000000087200000, 0x0000000087300000, 0x0000000087300000|100%| O|  |TAMS 0x0000000087200000, 0x0000000087200000| Untracked 
|  77|0x0000000087300000, 0x0000000087400000, 0x0000000087400000|100%| O|  |TAMS 0x0000000087300000, 0x0000000087300000| Untracked 
|  78|0x0000000087400000, 0x0000000087400000, 0x0000000087500000|  0%| F|  |TAMS 0x0000000087400000, 0x0000000087400000| Untracked 
|  79|0x0000000087500000, 0x0000000087500000, 0x0000000087600000|  0%| F|  |TAMS 0x0000000087500000, 0x0000000087500000| Untracked 
|  80|0x0000000087600000, 0x0000000087600000, 0x0000000087700000|  0%| F|  |TAMS 0x0000000087600000, 0x0000000087600000| Untracked 
|  81|0x0000000087700000, 0x0000000087700000, 0x0000000087800000|  0%| F|  |TAMS 0x0000000087700000, 0x0000000087700000| Untracked 
|  82|0x0000000087800000, 0x0000000087800000, 0x0000000087900000|  0%| F|  |TAMS 0x0000000087800000, 0x0000000087800000| Untracked 
|  83|0x0000000087900000, 0x0000000087900000, 0x0000000087a00000|  0%| F|  |TAMS 0x0000000087900000, 0x0000000087900000| Untracked 
|  84|0x0000000087a00000, 0x0000000087a00000, 0x0000000087b00000|  0%| F|  |TAMS 0x0000000087a00000, 0x0000000087a00000| Untracked 
|  85|0x0000000087b00000, 0x0000000087b00000, 0x0000000087c00000|  0%| F|  |TAMS 0x0000000087b00000, 0x0000000087b00000| Untracked 
|  86|0x0000000087c00000, 0x0000000087c5a600, 0x0000000087d00000| 35%| S|CS|TAMS 0x0000000087c00000, 0x0000000087c00000| Complete 
|  87|0x0000000087d00000, 0x0000000087d00000, 0x0000000087e00000|  0%| F|  |TAMS 0x0000000087d00000, 0x0000000087d00000| Untracked 
|  88|0x0000000087e00000, 0x0000000087e00000, 0x0000000087f00000|  0%| F|  |TAMS 0x0000000087e00000, 0x0000000087e00000| Untracked 
|  89|0x0000000087f00000, 0x0000000087f00000, 0x0000000088000000|  0%| F|  |TAMS 0x0000000087f00000, 0x0000000087f00000| Untracked 
|  90|0x0000000088000000, 0x0000000088000000, 0x0000000088100000|  0%| F|  |TAMS 0x0000000088000000, 0x0000000088000000| Untracked 
|  91|0x0000000088100000, 0x0000000088100000, 0x0000000088200000|  0%| F|  |TAMS 0x0000000088100000, 0x0000000088100000| Untracked 
|  92|0x0000000088200000, 0x0000000088200000, 0x0000000088300000|  0%| F|  |TAMS 0x0000000088200000, 0x0000000088200000| Untracked 
|  93|0x0000000088300000, 0x0000000088300000, 0x0000000088400000|  0%| F|  |TAMS 0x0000000088300000, 0x0000000088300000| Untracked 
|  94|0x0000000088400000, 0x0000000088400000, 0x0000000088500000|  0%| F|  |TAMS 0x0000000088400000, 0x0000000088400000| Untracked 
|  95|0x0000000088500000, 0x0000000088500000, 0x0000000088600000|  0%| F|  |TAMS 0x0000000088500000, 0x0000000088500000| Untracked 
|  96|0x0000000088600000, 0x0000000088600000, 0x0000000088700000|  0%| F|  |TAMS 0x0000000088600000, 0x0000000088600000| Untracked 
|  97|0x0000000088700000, 0x0000000088700000, 0x0000000088800000|  0%| F|  |TAMS 0x0000000088700000, 0x0000000088700000| Untracked 
|  98|0x0000000088800000, 0x0000000088800000, 0x0000000088900000|  0%| F|  |TAMS 0x0000000088800000, 0x0000000088800000| Untracked 
|  99|0x0000000088900000, 0x0000000088900000, 0x0000000088a00000|  0%| F|  |TAMS 0x0000000088900000, 0x0000000088900000| Untracked 
| 100|0x0000000088a00000, 0x0000000088a00000, 0x0000000088b00000|  0%| F|  |TAMS 0x0000000088a00000, 0x0000000088a00000| Untracked 
| 101|0x0000000088b00000, 0x0000000088b00000, 0x0000000088c00000|  0%| F|  |TAMS 0x0000000088b00000, 0x0000000088b00000| Untracked 
| 102|0x0000000088c00000, 0x0000000088c00000, 0x0000000088d00000|  0%| F|  |TAMS 0x0000000088c00000, 0x0000000088c00000| Untracked 
| 103|0x0000000088d00000, 0x0000000088d00000, 0x0000000088e00000|  0%| F|  |TAMS 0x0000000088d00000, 0x0000000088d00000| Untracked 
| 104|0x0000000088e00000, 0x0000000088e00000, 0x0000000088f00000|  0%| F|  |TAMS 0x0000000088e00000, 0x0000000088e00000| Untracked 
| 105|0x0000000088f00000, 0x0000000088f00000, 0x0000000089000000|  0%| F|  |TAMS 0x0000000088f00000, 0x0000000088f00000| Untracked 
| 106|0x0000000089000000, 0x0000000089000000, 0x0000000089100000|  0%| F|  |TAMS 0x0000000089000000, 0x0000000089000000| Untracked 
| 107|0x0000000089100000, 0x0000000089100000, 0x0000000089200000|  0%| F|  |TAMS 0x0000000089100000, 0x0000000089100000| Untracked 
| 108|0x0000000089200000, 0x0000000089200000, 0x0000000089300000|  0%| F|  |TAMS 0x0000000089200000, 0x0000000089200000| Untracked 
| 109|0x0000000089300000, 0x0000000089300000, 0x0000000089400000|  0%| F|  |TAMS 0x0000000089300000, 0x0000000089300000| Untracked 
| 110|0x0000000089400000, 0x0000000089400000, 0x0000000089500000|  0%| F|  |TAMS 0x0000000089400000, 0x0000000089400000| Untracked 
| 111|0x0000000089500000, 0x0000000089500000, 0x0000000089600000|  0%| F|  |TAMS 0x0000000089500000, 0x0000000089500000| Untracked 
| 112|0x0000000089600000, 0x0000000089600000, 0x0000000089700000|  0%| F|  |TAMS 0x0000000089600000, 0x0000000089600000| Untracked 
| 113|0x0000000089700000, 0x0000000089700000, 0x0000000089800000|  0%| F|  |TAMS 0x0000000089700000, 0x0000000089700000| Untracked 
| 114|0x0000000089800000, 0x0000000089800000, 0x0000000089900000|  0%| F|  |TAMS 0x0000000089800000, 0x0000000089800000| Untracked 
| 115|0x0000000089900000, 0x0000000089900000, 0x0000000089a00000|  0%| F|  |TAMS 0x0000000089900000, 0x0000000089900000| Untracked 
| 116|0x0000000089a00000, 0x0000000089a00000, 0x0000000089b00000|  0%| F|  |TAMS 0x0000000089a00000, 0x0000000089a00000| Untracked 
| 117|0x0000000089b00000, 0x0000000089b00000, 0x0000000089c00000|  0%| F|  |TAMS 0x0000000089b00000, 0x0000000089b00000| Untracked 
| 118|0x0000000089c00000, 0x0000000089c00000, 0x0000000089d00000|  0%| F|  |TAMS 0x0000000089c00000, 0x0000000089c00000| Untracked 
| 119|0x0000000089d00000, 0x0000000089d00000, 0x0000000089e00000|  0%| F|  |TAMS 0x0000000089d00000, 0x0000000089d00000| Untracked 
| 120|0x0000000089e00000, 0x0000000089e00000, 0x0000000089f00000|  0%| F|  |TAMS 0x0000000089e00000, 0x0000000089e00000| Untracked 
| 121|0x0000000089f00000, 0x0000000089f00000, 0x000000008a000000|  0%| F|  |TAMS 0x0000000089f00000, 0x0000000089f00000| Untracked 
| 122|0x000000008a000000, 0x000000008a000000, 0x000000008a100000|  0%| F|  |TAMS 0x000000008a000000, 0x000000008a000000| Untracked 
| 123|0x000000008a100000, 0x000000008a100000, 0x000000008a200000|  0%| F|  |TAMS 0x000000008a100000, 0x000000008a100000| Untracked 
| 124|0x000000008a200000, 0x000000008a200000, 0x000000008a300000|  0%| F|  |TAMS 0x000000008a200000, 0x000000008a200000| Untracked 
| 125|0x000000008a300000, 0x000000008a300000, 0x000000008a400000|  0%| F|  |TAMS 0x000000008a300000, 0x000000008a300000| Untracked 
| 126|0x000000008a400000, 0x000000008a400000, 0x000000008a500000|  0%| F|  |TAMS 0x000000008a400000, 0x000000008a400000| Untracked 
| 127|0x000000008a500000, 0x000000008a500000, 0x000000008a600000|  0%| F|  |TAMS 0x000000008a500000, 0x000000008a500000| Untracked 
| 128|0x000000008a600000, 0x000000008a600000, 0x000000008a700000|  0%| F|  |TAMS 0x000000008a600000, 0x000000008a600000| Untracked 
| 129|0x000000008a700000, 0x000000008a700000, 0x000000008a800000|  0%| F|  |TAMS 0x000000008a700000, 0x000000008a700000| Untracked 
| 130|0x000000008a800000, 0x000000008a800000, 0x000000008a900000|  0%| F|  |TAMS 0x000000008a800000, 0x000000008a800000| Untracked 
| 131|0x000000008a900000, 0x000000008a900000, 0x000000008aa00000|  0%| F|  |TAMS 0x000000008a900000, 0x000000008a900000| Untracked 
| 132|0x000000008aa00000, 0x000000008aa00000, 0x000000008ab00000|  0%| F|  |TAMS 0x000000008aa00000, 0x000000008aa00000| Untracked 
| 133|0x000000008ab00000, 0x000000008ab00000, 0x000000008ac00000|  0%| F|  |TAMS 0x000000008ab00000, 0x000000008ab00000| Untracked 
| 134|0x000000008ac00000, 0x000000008ac00000, 0x000000008ad00000|  0%| F|  |TAMS 0x000000008ac00000, 0x000000008ac00000| Untracked 
| 135|0x000000008ad00000, 0x000000008ad00000, 0x000000008ae00000|  0%| F|  |TAMS 0x000000008ad00000, 0x000000008ad00000| Untracked 
| 136|0x000000008ae00000, 0x000000008ae00000, 0x000000008af00000|  0%| F|  |TAMS 0x000000008ae00000, 0x000000008ae00000| Untracked 
| 137|0x000000008af00000, 0x000000008af00000, 0x000000008b000000|  0%| F|  |TAMS 0x000000008af00000, 0x000000008af00000| Untracked 
| 138|0x000000008b000000, 0x000000008b000000, 0x000000008b100000|  0%| F|  |TAMS 0x000000008b000000, 0x000000008b000000| Untracked 
| 139|0x000000008b100000, 0x000000008b100000, 0x000000008b200000|  0%| F|  |TAMS 0x000000008b100000, 0x000000008b100000| Untracked 
| 140|0x000000008b200000, 0x000000008b200000, 0x000000008b300000|  0%| F|  |TAMS 0x000000008b200000, 0x000000008b200000| Untracked 
| 141|0x000000008b300000, 0x000000008b300000, 0x000000008b400000|  0%| F|  |TAMS 0x000000008b300000, 0x000000008b300000| Untracked 
| 142|0x000000008b400000, 0x000000008b400000, 0x000000008b500000|  0%| F|  |TAMS 0x000000008b400000, 0x000000008b400000| Untracked 
| 143|0x000000008b500000, 0x000000008b500000, 0x000000008b600000|  0%| F|  |TAMS 0x000000008b500000, 0x000000008b500000| Untracked 
| 144|0x000000008b600000, 0x000000008b600000, 0x000000008b700000|  0%| F|  |TAMS 0x000000008b600000, 0x000000008b600000| Untracked 
| 145|0x000000008b700000, 0x000000008b700000, 0x000000008b800000|  0%| F|  |TAMS 0x000000008b700000, 0x000000008b700000| Untracked 
| 146|0x000000008b800000, 0x000000008b800000, 0x000000008b900000|  0%| F|  |TAMS 0x000000008b800000, 0x000000008b800000| Untracked 
| 147|0x000000008b900000, 0x000000008b900000, 0x000000008ba00000|  0%| F|  |TAMS 0x000000008b900000, 0x000000008b900000| Untracked 
| 148|0x000000008ba00000, 0x000000008ba00000, 0x000000008bb00000|  0%| F|  |TAMS 0x000000008ba00000, 0x000000008ba00000| Untracked 
| 149|0x000000008bb00000, 0x000000008bb00000, 0x000000008bc00000|  0%| F|  |TAMS 0x000000008bb00000, 0x000000008bb00000| Untracked 
| 150|0x000000008bc00000, 0x000000008bc00000, 0x000000008bd00000|  0%| F|  |TAMS 0x000000008bc00000, 0x000000008bc00000| Untracked 
| 151|0x000000008bd00000, 0x000000008bd00000, 0x000000008be00000|  0%| F|  |TAMS 0x000000008bd00000, 0x000000008bd00000| Untracked 
| 152|0x000000008be00000, 0x000000008be00000, 0x000000008bf00000|  0%| F|  |TAMS 0x000000008be00000, 0x000000008be00000| Untracked 
| 153|0x000000008bf00000, 0x000000008bf00000, 0x000000008c000000|  0%| F|  |TAMS 0x000000008bf00000, 0x000000008bf00000| Untracked 
| 154|0x000000008c000000, 0x000000008c000000, 0x000000008c100000|  0%| F|  |TAMS 0x000000008c000000, 0x000000008c000000| Untracked 
| 155|0x000000008c100000, 0x000000008c100000, 0x000000008c200000|  0%| F|  |TAMS 0x000000008c100000, 0x000000008c100000| Untracked 
| 156|0x000000008c200000, 0x000000008c200000, 0x000000008c300000|  0%| F|  |TAMS 0x000000008c200000, 0x000000008c200000| Untracked 
| 157|0x000000008c300000, 0x000000008c300000, 0x000000008c400000|  0%| F|  |TAMS 0x000000008c300000, 0x000000008c300000| Untracked 
| 158|0x000000008c400000, 0x000000008c400000, 0x000000008c500000|  0%| F|  |TAMS 0x000000008c400000, 0x000000008c400000| Untracked 
| 159|0x000000008c500000, 0x000000008c500000, 0x000000008c600000|  0%| F|  |TAMS 0x000000008c500000, 0x000000008c500000| Untracked 
| 160|0x000000008c600000, 0x000000008c600000, 0x000000008c700000|  0%| F|  |TAMS 0x000000008c600000, 0x000000008c600000| Untracked 
| 161|0x000000008c700000, 0x000000008c700000, 0x000000008c800000|  0%| F|  |TAMS 0x000000008c700000, 0x000000008c700000| Untracked 
| 162|0x000000008c800000, 0x000000008c800000, 0x000000008c900000|  0%| F|  |TAMS 0x000000008c800000, 0x000000008c800000| Untracked 
| 163|0x000000008c900000, 0x000000008c900000, 0x000000008ca00000|  0%| F|  |TAMS 0x000000008c900000, 0x000000008c900000| Untracked 
| 164|0x000000008ca00000, 0x000000008ca00000, 0x000000008cb00000|  0%| F|  |TAMS 0x000000008ca00000, 0x000000008ca00000| Untracked 
| 165|0x000000008cb00000, 0x000000008cb00000, 0x000000008cc00000|  0%| F|  |TAMS 0x000000008cb00000, 0x000000008cb00000| Untracked 
| 166|0x000000008cc00000, 0x000000008cc00000, 0x000000008cd00000|  0%| F|  |TAMS 0x000000008cc00000, 0x000000008cc00000| Untracked 
| 167|0x000000008cd00000, 0x000000008cd00000, 0x000000008ce00000|  0%| F|  |TAMS 0x000000008cd00000, 0x000000008cd00000| Untracked 
| 168|0x000000008ce00000, 0x000000008ce00000, 0x000000008cf00000|  0%| F|  |TAMS 0x000000008ce00000, 0x000000008ce00000| Untracked 
| 169|0x000000008cf00000, 0x000000008cf00000, 0x000000008d000000|  0%| F|  |TAMS 0x000000008cf00000, 0x000000008cf00000| Untracked 
| 170|0x000000008d000000, 0x000000008d000000, 0x000000008d100000|  0%| F|  |TAMS 0x000000008d000000, 0x000000008d000000| Untracked 
| 171|0x000000008d100000, 0x000000008d100000, 0x000000008d200000|  0%| F|  |TAMS 0x000000008d100000, 0x000000008d100000| Untracked 
| 172|0x000000008d200000, 0x000000008d200000, 0x000000008d300000|  0%| F|  |TAMS 0x000000008d200000, 0x000000008d200000| Untracked 
| 173|0x000000008d300000, 0x000000008d300000, 0x000000008d400000|  0%| F|  |TAMS 0x000000008d300000, 0x000000008d300000| Untracked 
| 174|0x000000008d400000, 0x000000008d400000, 0x000000008d500000|  0%| F|  |TAMS 0x000000008d400000, 0x000000008d400000| Untracked 
| 175|0x000000008d500000, 0x000000008d500000, 0x000000008d600000|  0%| F|  |TAMS 0x000000008d500000, 0x000000008d500000| Untracked 
| 176|0x000000008d600000, 0x000000008d600000, 0x000000008d700000|  0%| F|  |TAMS 0x000000008d600000, 0x000000008d600000| Untracked 
| 177|0x000000008d700000, 0x000000008d700000, 0x000000008d800000|  0%| F|  |TAMS 0x000000008d700000, 0x000000008d700000| Untracked 
| 178|0x000000008d800000, 0x000000008d800000, 0x000000008d900000|  0%| F|  |TAMS 0x000000008d800000, 0x000000008d800000| Untracked 
| 179|0x000000008d900000, 0x000000008d900000, 0x000000008da00000|  0%| F|  |TAMS 0x000000008d900000, 0x000000008d900000| Untracked 
| 180|0x000000008da00000, 0x000000008da00000, 0x000000008db00000|  0%| F|  |TAMS 0x000000008da00000, 0x000000008da00000| Untracked 
| 181|0x000000008db00000, 0x000000008db00000, 0x000000008dc00000|  0%| F|  |TAMS 0x000000008db00000, 0x000000008db00000| Untracked 
| 182|0x000000008dc00000, 0x000000008dccefa8, 0x000000008dd00000| 80%| E|  |TAMS 0x000000008dc00000, 0x000000008dc00000| Complete 
| 183|0x000000008dd00000, 0x000000008de00000, 0x000000008de00000|100%| E|CS|TAMS 0x000000008dd00000, 0x000000008dd00000| Complete 
| 184|0x000000008de00000, 0x000000008df00000, 0x000000008df00000|100%| E|CS|TAMS 0x000000008de00000, 0x000000008de00000| Complete 
| 185|0x000000008df00000, 0x000000008e000000, 0x000000008e000000|100%| E|CS|TAMS 0x000000008df00000, 0x000000008df00000| Complete 
| 186|0x000000008e000000, 0x000000008e100000, 0x000000008e100000|100%| E|CS|TAMS 0x000000008e000000, 0x000000008e000000| Complete 
| 187|0x000000008e100000, 0x000000008e200000, 0x000000008e200000|100%| E|CS|TAMS 0x000000008e100000, 0x000000008e100000| Complete 
| 188|0x000000008e200000, 0x000000008e300000, 0x000000008e300000|100%| E|CS|TAMS 0x000000008e200000, 0x000000008e200000| Complete 
| 189|0x000000008e300000, 0x000000008e400000, 0x000000008e400000|100%| E|CS|TAMS 0x000000008e300000, 0x000000008e300000| Complete 
| 190|0x000000008e400000, 0x000000008e500000, 0x000000008e500000|100%| E|  |TAMS 0x000000008e400000, 0x000000008e400000| Complete 
| 191|0x000000008e500000, 0x000000008e600000, 0x000000008e600000|100%| E|CS|TAMS 0x000000008e500000, 0x000000008e500000| Complete 
| 192|0x000000008e600000, 0x000000008e700000, 0x000000008e700000|100%| E|CS|TAMS 0x000000008e600000, 0x000000008e600000| Complete 
| 193|0x000000008e700000, 0x000000008e800000, 0x000000008e800000|100%| E|CS|TAMS 0x000000008e700000, 0x000000008e700000| Complete 
| 194|0x000000008e800000, 0x000000008e900000, 0x000000008e900000|100%| E|CS|TAMS 0x000000008e800000, 0x000000008e800000| Complete 
| 195|0x000000008e900000, 0x000000008ea00000, 0x000000008ea00000|100%| E|CS|TAMS 0x000000008e900000, 0x000000008e900000| Complete 
| 196|0x000000008ea00000, 0x000000008eb00000, 0x000000008eb00000|100%| E|CS|TAMS 0x000000008ea00000, 0x000000008ea00000| Complete 
| 197|0x000000008eb00000, 0x000000008ec00000, 0x000000008ec00000|100%| E|CS|TAMS 0x000000008eb00000, 0x000000008eb00000| Complete 
| 198|0x000000008ec00000, 0x000000008ed00000, 0x000000008ed00000|100%| E|CS|TAMS 0x000000008ec00000, 0x000000008ec00000| Complete 
| 199|0x000000008ed00000, 0x000000008ee00000, 0x000000008ee00000|100%| E|CS|TAMS 0x000000008ed00000, 0x000000008ed00000| Complete 
| 200|0x000000008ee00000, 0x000000008ef00000, 0x000000008ef00000|100%| E|CS|TAMS 0x000000008ee00000, 0x000000008ee00000| Complete 
| 201|0x000000008ef00000, 0x000000008f000000, 0x000000008f000000|100%| E|CS|TAMS 0x000000008ef00000, 0x000000008ef00000| Complete 
| 202|0x000000008f000000, 0x000000008f100000, 0x000000008f100000|100%| E|CS|TAMS 0x000000008f000000, 0x000000008f000000| Complete 
| 203|0x000000008f100000, 0x000000008f200000, 0x000000008f200000|100%| E|CS|TAMS 0x000000008f100000, 0x000000008f100000| Complete 
| 204|0x000000008f200000, 0x000000008f300000, 0x000000008f300000|100%| E|CS|TAMS 0x000000008f200000, 0x000000008f200000| Complete 
| 205|0x000000008f300000, 0x000000008f400000, 0x000000008f400000|100%| E|CS|TAMS 0x000000008f300000, 0x000000008f300000| Complete 
| 206|0x000000008f400000, 0x000000008f500000, 0x000000008f500000|100%| E|CS|TAMS 0x000000008f400000, 0x000000008f400000| Complete 
| 207|0x000000008f500000, 0x000000008f600000, 0x000000008f600000|100%| E|CS|TAMS 0x000000008f500000, 0x000000008f500000| Complete 
| 208|0x000000008f600000, 0x000000008f700000, 0x000000008f700000|100%| E|CS|TAMS 0x000000008f600000, 0x000000008f600000| Complete 
| 209|0x000000008f700000, 0x000000008f800000, 0x000000008f800000|100%| E|CS|TAMS 0x000000008f700000, 0x000000008f700000| Complete 
| 210|0x000000008f800000, 0x000000008f900000, 0x000000008f900000|100%| E|CS|TAMS 0x000000008f800000, 0x000000008f800000| Complete 
| 211|0x000000008f900000, 0x000000008fa00000, 0x000000008fa00000|100%| E|CS|TAMS 0x000000008f900000, 0x000000008f900000| Complete 
| 212|0x000000008fa00000, 0x000000008fb00000, 0x000000008fb00000|100%| E|CS|TAMS 0x000000008fa00000, 0x000000008fa00000| Complete 
| 213|0x000000008fb00000, 0x000000008fc00000, 0x000000008fc00000|100%| E|CS|TAMS 0x000000008fb00000, 0x000000008fb00000| Complete 
| 214|0x000000008fc00000, 0x000000008fd00000, 0x000000008fd00000|100%| E|CS|TAMS 0x000000008fc00000, 0x000000008fc00000| Complete 
| 215|0x000000008fd00000, 0x000000008fe00000, 0x000000008fe00000|100%| E|CS|TAMS 0x000000008fd00000, 0x000000008fd00000| Complete 
| 216|0x000000008fe00000, 0x000000008ff00000, 0x000000008ff00000|100%| E|CS|TAMS 0x000000008fe00000, 0x000000008fe00000| Complete 
| 217|0x000000008ff00000, 0x0000000090000000, 0x0000000090000000|100%| E|CS|TAMS 0x000000008ff00000, 0x000000008ff00000| Complete 
| 218|0x0000000090000000, 0x0000000090100000, 0x0000000090100000|100%| E|CS|TAMS 0x0000000090000000, 0x0000000090000000| Complete 
| 219|0x0000000090100000, 0x0000000090200000, 0x0000000090200000|100%| E|CS|TAMS 0x0000000090100000, 0x0000000090100000| Complete 
| 220|0x0000000090200000, 0x0000000090300000, 0x0000000090300000|100%| E|CS|TAMS 0x0000000090200000, 0x0000000090200000| Complete 
| 221|0x0000000090300000, 0x0000000090400000, 0x0000000090400000|100%| E|CS|TAMS 0x0000000090300000, 0x0000000090300000| Complete 
| 222|0x0000000090400000, 0x0000000090500000, 0x0000000090500000|100%| E|CS|TAMS 0x0000000090400000, 0x0000000090400000| Complete 
| 223|0x0000000090500000, 0x0000000090600000, 0x0000000090600000|100%| E|CS|TAMS 0x0000000090500000, 0x0000000090500000| Complete 
| 224|0x0000000090600000, 0x0000000090700000, 0x0000000090700000|100%| E|CS|TAMS 0x0000000090600000, 0x0000000090600000| Complete 
| 225|0x0000000090700000, 0x0000000090800000, 0x0000000090800000|100%| E|CS|TAMS 0x0000000090700000, 0x0000000090700000| Complete 
| 226|0x0000000090800000, 0x0000000090900000, 0x0000000090900000|100%| E|CS|TAMS 0x0000000090800000, 0x0000000090800000| Complete 
| 227|0x0000000090900000, 0x0000000090a00000, 0x0000000090a00000|100%| E|CS|TAMS 0x0000000090900000, 0x0000000090900000| Complete 
| 228|0x0000000090a00000, 0x0000000090b00000, 0x0000000090b00000|100%| E|CS|TAMS 0x0000000090a00000, 0x0000000090a00000| Complete 
| 229|0x0000000090b00000, 0x0000000090c00000, 0x0000000090c00000|100%| E|CS|TAMS 0x0000000090b00000, 0x0000000090b00000| Complete 
| 230|0x0000000090c00000, 0x0000000090d00000, 0x0000000090d00000|100%| E|CS|TAMS 0x0000000090c00000, 0x0000000090c00000| Complete 
| 231|0x0000000090d00000, 0x0000000090e00000, 0x0000000090e00000|100%| E|CS|TAMS 0x0000000090d00000, 0x0000000090d00000| Complete 
| 232|0x0000000090e00000, 0x0000000090f00000, 0x0000000090f00000|100%| E|CS|TAMS 0x0000000090e00000, 0x0000000090e00000| Complete 
| 233|0x0000000090f00000, 0x0000000091000000, 0x0000000091000000|100%| E|CS|TAMS 0x0000000090f00000, 0x0000000090f00000| Complete 
| 234|0x0000000091000000, 0x0000000091100000, 0x0000000091100000|100%| E|CS|TAMS 0x0000000091000000, 0x0000000091000000| Complete 
| 235|0x0000000091100000, 0x0000000091200000, 0x0000000091200000|100%| E|CS|TAMS 0x0000000091100000, 0x0000000091100000| Complete 
| 236|0x0000000091200000, 0x0000000091300000, 0x0000000091300000|100%| E|CS|TAMS 0x0000000091200000, 0x0000000091200000| Complete 
| 237|0x0000000091300000, 0x0000000091400000, 0x0000000091400000|100%| E|CS|TAMS 0x0000000091300000, 0x0000000091300000| Complete 
| 238|0x0000000091400000, 0x0000000091500000, 0x0000000091500000|100%| E|CS|TAMS 0x0000000091400000, 0x0000000091400000| Complete 
| 239|0x0000000091500000, 0x0000000091600000, 0x0000000091600000|100%| E|CS|TAMS 0x0000000091500000, 0x0000000091500000| Complete 
| 240|0x0000000091600000, 0x0000000091700000, 0x0000000091700000|100%| E|CS|TAMS 0x0000000091600000, 0x0000000091600000| Complete 
| 241|0x0000000091700000, 0x0000000091800000, 0x0000000091800000|100%| E|CS|TAMS 0x0000000091700000, 0x0000000091700000| Complete 
| 242|0x0000000091800000, 0x0000000091900000, 0x0000000091900000|100%| E|CS|TAMS 0x0000000091800000, 0x0000000091800000| Complete 
| 243|0x0000000091900000, 0x0000000091a00000, 0x0000000091a00000|100%| E|CS|TAMS 0x0000000091900000, 0x0000000091900000| Complete 
| 244|0x0000000091a00000, 0x0000000091b00000, 0x0000000091b00000|100%| E|CS|TAMS 0x0000000091a00000, 0x0000000091a00000| Complete 
| 245|0x0000000091b00000, 0x0000000091c00000, 0x0000000091c00000|100%| E|CS|TAMS 0x0000000091b00000, 0x0000000091b00000| Complete 
| 246|0x0000000091c00000, 0x0000000091d00000, 0x0000000091d00000|100%| E|CS|TAMS 0x0000000091c00000, 0x0000000091c00000| Complete 
| 247|0x0000000091d00000, 0x0000000091e00000, 0x0000000091e00000|100%| E|CS|TAMS 0x0000000091d00000, 0x0000000091d00000| Complete 
| 248|0x0000000091e00000, 0x0000000091f00000, 0x0000000091f00000|100%| E|CS|TAMS 0x0000000091e00000, 0x0000000091e00000| Complete 
| 249|0x0000000091f00000, 0x0000000092000000, 0x0000000092000000|100%| E|CS|TAMS 0x0000000091f00000, 0x0000000091f00000| Complete 
| 250|0x0000000092000000, 0x0000000092100000, 0x0000000092100000|100%| E|CS|TAMS 0x0000000092000000, 0x0000000092000000| Complete 
| 251|0x0000000092100000, 0x0000000092200000, 0x0000000092200000|100%| E|CS|TAMS 0x0000000092100000, 0x0000000092100000| Complete 
| 252|0x0000000092200000, 0x0000000092300000, 0x0000000092300000|100%| E|CS|TAMS 0x0000000092200000, 0x0000000092200000| Complete 
| 253|0x0000000092300000, 0x0000000092400000, 0x0000000092400000|100%| E|CS|TAMS 0x0000000092300000, 0x0000000092300000| Complete 
| 254|0x0000000092400000, 0x0000000092500000, 0x0000000092500000|100%| E|CS|TAMS 0x0000000092400000, 0x0000000092400000| Complete 
| 255|0x0000000092500000, 0x0000000092600000, 0x0000000092600000|100%| E|CS|TAMS 0x0000000092500000, 0x0000000092500000| Complete 
| 256|0x0000000092600000, 0x0000000092700000, 0x0000000092700000|100%| E|CS|TAMS 0x0000000092600000, 0x0000000092600000| Complete 
| 257|0x0000000092700000, 0x0000000092800000, 0x0000000092800000|100%| E|CS|TAMS 0x0000000092700000, 0x0000000092700000| Complete 
| 258|0x0000000092800000, 0x0000000092900000, 0x0000000092900000|100%| E|CS|TAMS 0x0000000092800000, 0x0000000092800000| Complete 
| 259|0x0000000092900000, 0x0000000092a00000, 0x0000000092a00000|100%| E|CS|TAMS 0x0000000092900000, 0x0000000092900000| Complete 
| 260|0x0000000092a00000, 0x0000000092b00000, 0x0000000092b00000|100%| E|CS|TAMS 0x0000000092a00000, 0x0000000092a00000| Complete 
| 261|0x0000000092b00000, 0x0000000092c00000, 0x0000000092c00000|100%| E|CS|TAMS 0x0000000092b00000, 0x0000000092b00000| Complete 
| 262|0x0000000092c00000, 0x0000000092d00000, 0x0000000092d00000|100%| E|CS|TAMS 0x0000000092c00000, 0x0000000092c00000| Complete 
| 263|0x0000000092d00000, 0x0000000092e00000, 0x0000000092e00000|100%| E|CS|TAMS 0x0000000092d00000, 0x0000000092d00000| Complete 
| 264|0x0000000092e00000, 0x0000000092f00000, 0x0000000092f00000|100%| E|CS|TAMS 0x0000000092e00000, 0x0000000092e00000| Complete 
| 265|0x0000000092f00000, 0x0000000093000000, 0x0000000093000000|100%| E|CS|TAMS 0x0000000092f00000, 0x0000000092f00000| Complete 
| 266|0x0000000093000000, 0x0000000093100000, 0x0000000093100000|100%| E|CS|TAMS 0x0000000093000000, 0x0000000093000000| Complete 
| 267|0x0000000093100000, 0x0000000093200000, 0x0000000093200000|100%| E|CS|TAMS 0x0000000093100000, 0x0000000093100000| Complete 
| 268|0x0000000093200000, 0x0000000093300000, 0x0000000093300000|100%| E|CS|TAMS 0x0000000093200000, 0x0000000093200000| Complete 
| 269|0x0000000093300000, 0x0000000093400000, 0x0000000093400000|100%| E|CS|TAMS 0x0000000093300000, 0x0000000093300000| Complete 
| 270|0x0000000093400000, 0x0000000093500000, 0x0000000093500000|100%| E|CS|TAMS 0x0000000093400000, 0x0000000093400000| Complete 
| 271|0x0000000093500000, 0x0000000093600000, 0x0000000093600000|100%| E|CS|TAMS 0x0000000093500000, 0x0000000093500000| Complete 
| 272|0x0000000093600000, 0x0000000093700000, 0x0000000093700000|100%| E|CS|TAMS 0x0000000093600000, 0x0000000093600000| Complete 
| 273|0x0000000093700000, 0x0000000093800000, 0x0000000093800000|100%| E|CS|TAMS 0x0000000093700000, 0x0000000093700000| Complete 
| 274|0x0000000093800000, 0x0000000093900000, 0x0000000093900000|100%| E|CS|TAMS 0x0000000093800000, 0x0000000093800000| Complete 
| 275|0x0000000093900000, 0x0000000093a00000, 0x0000000093a00000|100%| E|CS|TAMS 0x0000000093900000, 0x0000000093900000| Complete 
| 276|0x0000000093a00000, 0x0000000093b00000, 0x0000000093b00000|100%| E|CS|TAMS 0x0000000093a00000, 0x0000000093a00000| Complete 
| 277|0x0000000093b00000, 0x0000000093c00000, 0x0000000093c00000|100%| E|CS|TAMS 0x0000000093b00000, 0x0000000093b00000| Complete 
| 278|0x0000000093c00000, 0x0000000093d00000, 0x0000000093d00000|100%| E|CS|TAMS 0x0000000093c00000, 0x0000000093c00000| Complete 
| 279|0x0000000093d00000, 0x0000000093e00000, 0x0000000093e00000|100%| E|CS|TAMS 0x0000000093d00000, 0x0000000093d00000| Complete 
| 280|0x0000000093e00000, 0x0000000093f00000, 0x0000000093f00000|100%| E|CS|TAMS 0x0000000093e00000, 0x0000000093e00000| Complete 
| 281|0x0000000093f00000, 0x0000000094000000, 0x0000000094000000|100%| E|CS|TAMS 0x0000000093f00000, 0x0000000093f00000| Complete 
| 282|0x0000000094000000, 0x0000000094100000, 0x0000000094100000|100%| E|CS|TAMS 0x0000000094000000, 0x0000000094000000| Complete 
| 283|0x0000000094100000, 0x0000000094200000, 0x0000000094200000|100%| E|CS|TAMS 0x0000000094100000, 0x0000000094100000| Complete 
| 284|0x0000000094200000, 0x0000000094300000, 0x0000000094300000|100%| E|CS|TAMS 0x0000000094200000, 0x0000000094200000| Complete 
| 285|0x0000000094300000, 0x0000000094400000, 0x0000000094400000|100%| E|CS|TAMS 0x0000000094300000, 0x0000000094300000| Complete 
| 286|0x0000000094400000, 0x0000000094500000, 0x0000000094500000|100%| E|CS|TAMS 0x0000000094400000, 0x0000000094400000| Complete 
| 287|0x0000000094500000, 0x0000000094600000, 0x0000000094600000|100%| E|CS|TAMS 0x0000000094500000, 0x0000000094500000| Complete 
| 288|0x0000000094600000, 0x0000000094700000, 0x0000000094700000|100%| E|CS|TAMS 0x0000000094600000, 0x0000000094600000| Complete 
| 289|0x0000000094700000, 0x0000000094800000, 0x0000000094800000|100%| E|CS|TAMS 0x0000000094700000, 0x0000000094700000| Complete 
| 290|0x0000000094800000, 0x0000000094900000, 0x0000000094900000|100%| E|CS|TAMS 0x0000000094800000, 0x0000000094800000| Complete 
| 291|0x0000000094900000, 0x0000000094a00000, 0x0000000094a00000|100%| E|CS|TAMS 0x0000000094900000, 0x0000000094900000| Complete 
| 292|0x0000000094a00000, 0x0000000094b00000, 0x0000000094b00000|100%| E|CS|TAMS 0x0000000094a00000, 0x0000000094a00000| Complete 
| 293|0x0000000094b00000, 0x0000000094c00000, 0x0000000094c00000|100%| E|CS|TAMS 0x0000000094b00000, 0x0000000094b00000| Complete 
| 294|0x0000000094c00000, 0x0000000094d00000, 0x0000000094d00000|100%| E|CS|TAMS 0x0000000094c00000, 0x0000000094c00000| Complete 
| 295|0x0000000094d00000, 0x0000000094e00000, 0x0000000094e00000|100%| E|CS|TAMS 0x0000000094d00000, 0x0000000094d00000| Complete 
| 296|0x0000000094e00000, 0x0000000094f00000, 0x0000000094f00000|100%| E|CS|TAMS 0x0000000094e00000, 0x0000000094e00000| Complete 
| 297|0x0000000094f00000, 0x0000000095000000, 0x0000000095000000|100%| E|CS|TAMS 0x0000000094f00000, 0x0000000094f00000| Complete 
| 298|0x0000000095000000, 0x0000000095100000, 0x0000000095100000|100%| E|CS|TAMS 0x0000000095000000, 0x0000000095000000| Complete 
| 299|0x0000000095100000, 0x0000000095200000, 0x0000000095200000|100%| E|CS|TAMS 0x0000000095100000, 0x0000000095100000| Complete 
| 300|0x0000000095200000, 0x0000000095300000, 0x0000000095300000|100%| E|CS|TAMS 0x0000000095200000, 0x0000000095200000| Complete 
| 301|0x0000000095300000, 0x0000000095400000, 0x0000000095400000|100%| E|CS|TAMS 0x0000000095300000, 0x0000000095300000| Complete 
| 302|0x0000000095400000, 0x0000000095500000, 0x0000000095500000|100%| E|CS|TAMS 0x0000000095400000, 0x0000000095400000| Complete 
| 303|0x0000000095500000, 0x0000000095600000, 0x0000000095600000|100%| E|CS|TAMS 0x0000000095500000, 0x0000000095500000| Complete 
| 304|0x0000000095600000, 0x0000000095700000, 0x0000000095700000|100%| E|CS|TAMS 0x0000000095600000, 0x0000000095600000| Complete 
| 305|0x0000000095700000, 0x0000000095800000, 0x0000000095800000|100%| E|CS|TAMS 0x0000000095700000, 0x0000000095700000| Complete 
| 306|0x0000000095800000, 0x0000000095900000, 0x0000000095900000|100%| E|CS|TAMS 0x0000000095800000, 0x0000000095800000| Complete 
| 307|0x0000000095900000, 0x0000000095a00000, 0x0000000095a00000|100%| E|CS|TAMS 0x0000000095900000, 0x0000000095900000| Complete 
| 308|0x0000000095a00000, 0x0000000095b00000, 0x0000000095b00000|100%| E|CS|TAMS 0x0000000095a00000, 0x0000000095a00000| Complete 
| 309|0x0000000095b00000, 0x0000000095c00000, 0x0000000095c00000|100%| E|CS|TAMS 0x0000000095b00000, 0x0000000095b00000| Complete 
| 310|0x0000000095c00000, 0x0000000095d00000, 0x0000000095d00000|100%| E|CS|TAMS 0x0000000095c00000, 0x0000000095c00000| Complete 
| 311|0x0000000095d00000, 0x0000000095e00000, 0x0000000095e00000|100%| E|CS|TAMS 0x0000000095d00000, 0x0000000095d00000| Complete 
| 312|0x0000000095e00000, 0x0000000095f00000, 0x0000000095f00000|100%| E|CS|TAMS 0x0000000095e00000, 0x0000000095e00000| Complete 
| 313|0x0000000095f00000, 0x0000000096000000, 0x0000000096000000|100%| E|CS|TAMS 0x0000000095f00000, 0x0000000095f00000| Complete 

Card table byte_map: [0x000001a17e0f0000,0x000001a17e4e0000] _byte_map_base: 0x000001a17dcdd000

Marking Bits (Prev, Next): (CMBitMap*) 0x000001a177499130, (CMBitMap*) 0x000001a177499170
 Prev Bits: [0x000001a100000000, 0x000001a101f68000)
 Next Bits: [0x000001a101f70000, 0x000001a103ed8000)

Polling page: 0x000001a176bd0000

Metaspace:

Usage:
  Non-class:     57.25 MB used.
      Class:      9.37 MB used.
       Both:     66.62 MB used.

Virtual space:
  Non-class space:       64.00 MB reserved,      57.56 MB ( 90%) committed,  1 nodes.
      Class space:        1.00 GB reserved,       9.62 MB ( <1%) committed,  1 nodes.
             Both:        1.06 GB reserved,      67.19 MB (  6%) committed. 

Chunk freelists:
   Non-Class:  6.24 MB
       Class:  6.42 MB
        Both:  12.66 MB

MaxMetaspaceSize: unlimited
CompressedClassSpaceSize: 1.00 GB
Initial GC threshold: 21.00 MB
Current GC threshold: 112.00 MB
CDS: off
MetaspaceReclaimPolicy: balanced
 - commit_granule_bytes: 65536.
 - commit_granule_words: 8192.
 - virtual_space_node_default_size: 8388608.
 - enlarge_chunks_in_place: 1.
 - new_chunks_are_fully_committed: 0.
 - uncommit_free_chunks: 1.
 - use_allocation_guard: 0.
 - handle_deallocations: 1.


Internal statistics:

num_allocs_failed_limit: 8.
num_arena_births: 840.
num_arena_deaths: 2.
num_vsnodes_births: 2.
num_vsnodes_deaths: 0.
num_space_committed: 1075.
num_space_uncommitted: 0.
num_chunks_returned_to_freelist: 11.
num_chunks_taken_from_freelist: 3037.
num_chunk_merges: 8.
num_chunk_splits: 2114.
num_chunks_enlarged: 1583.
num_inconsistent_stats: 0.

CodeCache: size=49152Kb used=16059Kb max_used=16059Kb free=33092Kb
 bounds [0x000001a17abf0000, 0x000001a17bba0000, 0x000001a17dbf0000]
 total_blobs=9212 nmethods=8599 adapters=537
 compilation: enabled
              stopped_count=0, restarted_count=0
 full_count=0

Compilation events (20 events):
Event: 16.150 Thread 0x000001a10a064390 nmethod 8557 0x000001a17bb6ec90 code [0x000001a17bb6ee40, 0x000001a17bb6efb8]
Event: 16.150 Thread 0x000001a10a064390 8560       1       org.apache.catalina.connector.RequestFacade::getHeaderNames (33 bytes)
Event: 16.151 Thread 0x000001a10a064390 nmethod 8560 0x000001a17bb6f090 code [0x000001a17bb6f260, 0x000001a17bb6f4e8]
Event: 16.151 Thread 0x000001a10a064390 8561       1       java.util.Collections$SingletonList::contains (9 bytes)
Event: 16.151 Thread 0x000001a10a064390 nmethod 8561 0x000001a17bb6f690 code [0x000001a17bb6f820, 0x000001a17bb6f948]
Event: 16.151 Thread 0x000001a10a064390 8558       1       org.springframework.security.web.firewall.StrictHttpFirewall$StrictFirewalledRequest$2::<init> (15 bytes)
Event: 16.151 Thread 0x000001a10a064390 nmethod 8558 0x000001a17bb6fa10 code [0x000001a17bb6fba0, 0x000001a17bb6fcf8]
Event: 16.151 Thread 0x000001a10a064390 8562       1       org.springframework.web.servlet.mvc.method.annotation.ExceptionHandlerExceptionResolver::getExceptionHandlerMethod (185 bytes)
Event: 16.154 Thread 0x000001a10a064390 nmethod 8562 0x000001a17bb6fd90 code [0x000001a17bb700c0, 0x000001a17bb70c08]
Event: 16.154 Thread 0x000001a10a064390 8564       1       org.springframework.web.servlet.handler.AbstractHandlerMethodExceptionResolver::doResolveException (32 bytes)
Event: 16.154 Thread 0x000001a10a064390 nmethod 8564 0x000001a17bb71490 code [0x000001a17bb71620, 0x000001a17bb71788]
Event: 16.154 Thread 0x000001a10a064390 8567       1       org.springframework.security.web.session.DisableEncodeUrlFilter$DisableEncodeUrlResponseWrapper::<init> (6 bytes)
Event: 16.154 Thread 0x000001a10a064390 nmethod 8567 0x000001a17bb71890 code [0x000001a17bb71a40, 0x000001a17bb71c58]
Event: 16.154 Thread 0x000001a10a064390 8568       1       org.apache.tomcat.util.http.MimeHeaders::names (9 bytes)
Event: 16.155 Thread 0x000001a10a064390 nmethod 8568 0x000001a17bb71d90 code [0x000001a17bb71f20, 0x000001a17bb720c8]
Event: 16.155 Thread 0x000001a10a064390 8520       1       org.apache.tomcat.util.http.Rfc6265CookieProcessor::parseCookieHeader (159 bytes)
Event: 16.156 Thread 0x000001a10a064390 nmethod 8520 0x000001a17bb72190 code [0x000001a17bb723e0, 0x000001a17bb72938]
Event: 16.156 Thread 0x000001a10a064390 8521       1       java.util.RegularEnumSet::equals (74 bytes)
Event: 16.156 Thread 0x000001a10a064390 nmethod 8521 0x000001a17bb72e90 code [0x000001a17bb73040, 0x000001a17bb73268]
Event: 16.156 Thread 0x000001a10a064390 8536       1       org.apache.catalina.authenticator.AuthenticatorBase::invoke (820 bytes)

GC Heap History (20 events):
Event: 9.652 GC heap before
{Heap before GC invocations=17 (full 0):
 garbage-first heap   total 95232K, used 73816K [0x0000000082600000, 0x0000000100000000)
  region size 1024K, 35 young (35840K), 6 survivors (6144K)
 Metaspace       used 58652K, committed 59200K, reserved 1114112K
  class space    used 8063K, committed 8320K, reserved 1048576K
}
Event: 9.663 GC heap after
{Heap after GC invocations=18 (full 0):
 garbage-first heap   total 95232K, used 51982K [0x0000000082600000, 0x0000000100000000)
  region size 1024K, 5 young (5120K), 5 survivors (5120K)
 Metaspace       used 58652K, committed 59200K, reserved 1114112K
  class space    used 8063K, committed 8320K, reserved 1048576K
}
Event: 9.775 GC heap before
{Heap before GC invocations=18 (full 0):
 garbage-first heap   total 95232K, used 69390K [0x0000000082600000, 0x0000000100000000)
  region size 1024K, 23 young (23552K), 5 survivors (5120K)
 Metaspace       used 58739K, committed 59264K, reserved 1114112K
  class space    used 8076K, committed 8320K, reserved 1048576K
}
Event: 9.781 GC heap after
{Heap after GC invocations=19 (full 0):
 garbage-first heap   total 95232K, used 56679K [0x0000000082600000, 0x0000000100000000)
  region size 1024K, 3 young (3072K), 3 survivors (3072K)
 Metaspace       used 58739K, committed 59264K, reserved 1114112K
  class space    used 8076K, committed 8320K, reserved 1048576K
}
Event: 9.830 GC heap before
{Heap before GC invocations=19 (full 0):
 garbage-first heap   total 95232K, used 72039K [0x0000000082600000, 0x0000000100000000)
  region size 1024K, 19 young (19456K), 3 survivors (3072K)
 Metaspace       used 58739K, committed 59264K, reserved 1114112K
  class space    used 8076K, committed 8320K, reserved 1048576K
}
Event: 9.836 GC heap after
{Heap after GC invocations=20 (full 0):
 garbage-first heap   total 160768K, used 60733K [0x0000000082600000, 0x0000000100000000)
  region size 1024K, 3 young (3072K), 3 survivors (3072K)
 Metaspace       used 58739K, committed 59264K, reserved 1114112K
  class space    used 8076K, committed 8320K, reserved 1048576K
}
Event: 10.111 GC heap before
{Heap before GC invocations=21 (full 0):
 garbage-first heap   total 160768K, used 111933K [0x0000000082600000, 0x0000000100000000)
  region size 1024K, 51 young (52224K), 3 survivors (3072K)
 Metaspace       used 58969K, committed 59520K, reserved 1114112K
  class space    used 8144K, committed 8384K, reserved 1048576K
}
Event: 10.125 GC heap after
{Heap after GC invocations=22 (full 0):
 garbage-first heap   total 160768K, used 73813K [0x0000000082600000, 0x0000000100000000)
  region size 1024K, 7 young (7168K), 7 survivors (7168K)
 Metaspace       used 58969K, committed 59520K, reserved 1114112K
  class space    used 8144K, committed 8384K, reserved 1048576K
}
Event: 11.306 GC heap before
{Heap before GC invocations=22 (full 0):
 garbage-first heap   total 160768K, used 113749K [0x0000000082600000, 0x0000000100000000)
  region size 1024K, 46 young (47104K), 7 survivors (7168K)
 Metaspace       used 63448K, committed 64000K, reserved 1114112K
  class space    used 8862K, committed 9152K, reserved 1048576K
}
Event: 11.317 GC heap after
{Heap after GC invocations=23 (full 0):
 garbage-first heap   total 160768K, used 78806K [0x0000000082600000, 0x0000000100000000)
  region size 1024K, 5 young (5120K), 5 survivors (5120K)
 Metaspace       used 63448K, committed 64000K, reserved 1114112K
  class space    used 8862K, committed 9152K, reserved 1048576K
}
Event: 14.715 GC heap before
{Heap before GC invocations=23 (full 0):
 garbage-first heap   total 160768K, used 116694K [0x0000000082600000, 0x0000000100000000)
  region size 1024K, 43 young (44032K), 5 survivors (5120K)
 Metaspace       used 68207K, committed 68800K, reserved 1114112K
  class space    used 9587K, committed 9856K, reserved 1048576K
}
Event: 14.724 GC heap after
{Heap after GC invocations=24 (full 0):
 garbage-first heap   total 160768K, used 81521K [0x0000000082600000, 0x0000000100000000)
  region size 1024K, 3 young (3072K), 3 survivors (3072K)
 Metaspace       used 68207K, committed 68800K, reserved 1114112K
  class space    used 9587K, committed 9856K, reserved 1048576K
}
Event: 15.012 GC heap before
{Heap before GC invocations=25 (full 0):
 garbage-first heap   total 160768K, used 110193K [0x0000000082600000, 0x0000000100000000)
  region size 1024K, 42 young (43008K), 3 survivors (3072K)
 Metaspace       used 68220K, committed 68800K, reserved 1114112K
  class space    used 9591K, committed 9856K, reserved 1048576K
}
Event: 15.017 GC heap after
{Heap after GC invocations=26 (full 0):
 garbage-first heap   total 160768K, used 71392K [0x0000000082600000, 0x0000000100000000)
  region size 1024K, 3 young (3072K), 3 survivors (3072K)
 Metaspace       used 68220K, committed 68800K, reserved 1114112K
  class space    used 9591K, committed 9856K, reserved 1048576K
}
Event: 15.041 GC heap before
{Heap before GC invocations=26 (full 0):
 garbage-first heap   total 160768K, used 74464K [0x0000000082600000, 0x0000000100000000)
  region size 1024K, 7 young (7168K), 3 survivors (3072K)
 Metaspace       used 68220K, committed 68800K, reserved 1114112K
  class space    used 9591K, committed 9856K, reserved 1048576K
}
Event: 15.048 GC heap after
{Heap after GC invocations=27 (full 0):
 garbage-first heap   total 160768K, used 55197K [0x0000000082600000, 0x0000000100000000)
  region size 1024K, 1 young (1024K), 1 survivors (1024K)
 Metaspace       used 68220K, committed 68800K, reserved 1114112K
  class space    used 9591K, committed 9856K, reserved 1048576K
}
Event: 15.087 GC heap before
{Heap before GC invocations=27 (full 0):
 garbage-first heap   total 160768K, used 60317K [0x0000000082600000, 0x0000000100000000)
  region size 1024K, 7 young (7168K), 1 survivors (1024K)
 Metaspace       used 68220K, committed 68800K, reserved 1114112K
  class space    used 9591K, committed 9856K, reserved 1048576K
}
Event: 15.090 GC heap after
{Heap after GC invocations=28 (full 0):
 garbage-first heap   total 160768K, used 46210K [0x0000000082600000, 0x0000000100000000)
  region size 1024K, 1 young (1024K), 1 survivors (1024K)
 Metaspace       used 68220K, committed 68800K, reserved 1114112K
  class space    used 9591K, committed 9856K, reserved 1048576K
}
Event: 15.545 GC heap before
{Heap before GC invocations=28 (full 0):
 garbage-first heap   total 160768K, used 115842K [0x0000000082600000, 0x0000000100000000)
  region size 1024K, 70 young (71680K), 1 survivors (1024K)
 Metaspace       used 68222K, committed 68800K, reserved 1114112K
  class space    used 9592K, committed 9856K, reserved 1048576K
}
Event: 15.550 GC heap after
{Heap after GC invocations=29 (full 0):
 garbage-first heap   total 321536K, used 46276K [0x0000000082600000, 0x0000000100000000)
  region size 1024K, 1 young (1024K), 1 survivors (1024K)
 Metaspace       used 68222K, committed 68800K, reserved 1114112K
  class space    used 9592K, committed 9856K, reserved 1048576K
}

Dll operation events (4 events):
Event: 0.039 Loaded shared library C:\Users\nehdi\.jdks\jbr-17.0.12\bin\java.dll
Event: 0.075 Loaded shared library C:\Users\nehdi\.jdks\jbr-17.0.12\bin\jsvml.dll
Event: 0.484 Loaded shared library C:\Users\nehdi\.jdks\jbr-17.0.12\bin\zip.dll
Event: 11.334 Loaded shared library C:\Users\nehdi\.jdks\jbr-17.0.12\bin\verify.dll

Deoptimization events (10 events):
Event: 7.654 Thread 0x000001a17743dee0 DEOPT PACKING pc=0x000001a17b4d129c sp=0x0000008e476fa6a0
Event: 7.654 Thread 0x000001a17743dee0 DEOPT UNPACKING pc=0x000001a17ac47143 sp=0x0000008e476f9bf8 mode 0
Event: 8.924 Thread 0x000001a10add9640 DEOPT PACKING pc=0x000001a17adcd964 sp=0x0000008e48bfed40
Event: 8.924 Thread 0x000001a10add9640 DEOPT UNPACKING pc=0x000001a17ac47143 sp=0x0000008e48bfe228 mode 0
Event: 13.228 Thread 0x000001a10ae67580 DEOPT PACKING pc=0x000001a17adcd964 sp=0x0000008e48cfed90
Event: 13.228 Thread 0x000001a10ae67580 DEOPT UNPACKING pc=0x000001a17ac47143 sp=0x0000008e48cfe278 mode 0
Event: 14.282 Thread 0x000001a17743dee0 DEOPT PACKING pc=0x000001a17b73c194 sp=0x0000008e476fd5f0
Event: 14.282 Thread 0x000001a17743dee0 DEOPT UNPACKING pc=0x000001a17ac47143 sp=0x0000008e476fca98 mode 0
Event: 14.549 Thread 0x000001a10b4431f0 DEOPT PACKING pc=0x000001a17b66ff94 sp=0x0000008e4a1ff430
Event: 14.549 Thread 0x000001a10b4431f0 DEOPT UNPACKING pc=0x000001a17ac47143 sp=0x0000008e4a1fe9b0 mode 0

Classes unloaded (1 events):
Event: 3.911 Thread 0x000001a17f3de300 Unloading class 0x0000000100183000 'jdk/internal/reflect/GeneratedSerializationConstructorAccessor10'

Classes redefined (0 events):
No events

Internal exceptions (20 events):
Event: 14.582 Thread 0x000001a10b442ce0 Exception <a 'java/lang/reflect/InvocationTargetException'{0x000000008ab91f98}> (0x000000008ab91f98) 
thrown [s\src\hotspot\share\runtime\reflection.cpp, line 1127]
Event: 14.582 Thread 0x000001a10b443700 Exception <a 'java/lang/reflect/InvocationTargetException'{0x000000008ab41498}> (0x000000008ab41498) 
thrown [s\src\hotspot\share\runtime\reflection.cpp, line 1127]
Event: 14.582 Thread 0x000001a10b43c290 Exception <a 'java/lang/reflect/InvocationTargetException'{0x000000008ab80df0}> (0x000000008ab80df0) 
thrown [s\src\hotspot\share\runtime\reflection.cpp, line 1127]
Event: 14.582 Thread 0x000001a10b43ccb0 Exception <a 'java/lang/reflect/InvocationTargetException'{0x000000008ab0c0e8}> (0x000000008ab0c0e8) 
thrown [s\src\hotspot\share\runtime\reflection.cpp, line 1127]
Event: 14.582 Thread 0x000001a10b4422c0 Exception <a 'java/lang/reflect/InvocationTargetException'{0x000000008ab2d4f8}> (0x000000008ab2d4f8) 
thrown [s\src\hotspot\share\runtime\reflection.cpp, line 1127]
Event: 14.582 Thread 0x000001a10b43bd80 Exception <a 'java/lang/reflect/InvocationTargetException'{0x000000008aba2348}> (0x000000008aba2348) 
thrown [s\src\hotspot\share\runtime\reflection.cpp, line 1127]
Event: 14.636 Thread 0x000001a10b43ccb0 Exception <a 'java/lang/reflect/InvocationTargetException'{0x000000008a8eaa30}> (0x000000008a8eaa30) 
thrown [s\src\hotspot\share\runtime\reflection.cpp, line 1127]
Event: 14.636 Thread 0x000001a10b43d6d0 Exception <a 'java/lang/reflect/InvocationTargetException'{0x000000008b71d7d8}> (0x000000008b71d7d8) 
thrown [s\src\hotspot\share\runtime\reflection.cpp, line 1127]
Event: 14.637 Thread 0x000001a10b43d1c0 Exception <a 'java/lang/reflect/InvocationTargetException'{0x000000008b70bcc0}> (0x000000008b70bcc0) 
thrown [s\src\hotspot\share\runtime\reflection.cpp, line 1127]
Event: 14.637 Thread 0x000001a10c785c00 Exception <a 'java/lang/reflect/InvocationTargetException'{0x000000008b741810}> (0x000000008b741810) 
thrown [s\src\hotspot\share\runtime\reflection.cpp, line 1127]
Event: 14.638 Thread 0x000001a10c7851e0 Exception <a 'java/lang/reflect/InvocationTargetException'{0x000000008b72f2b8}> (0x000000008b72f2b8) 
thrown [s\src\hotspot\share\runtime\reflection.cpp, line 1127]
Event: 14.639 Thread 0x000001a10b4422c0 Exception <a 'java/lang/reflect/InvocationTargetException'{0x000000008a71e7f0}> (0x000000008a71e7f0) 
thrown [s\src\hotspot\share\runtime\reflection.cpp, line 1127]
Event: 14.652 Thread 0x000001a10b43bd80 Exception <a 'java/lang/reflect/InvocationTargetException'{0x000000008a515ee0}> (0x000000008a515ee0) 
thrown [s\src\hotspot\share\runtime\reflection.cpp, line 1127]
Event: 14.652 Thread 0x000001a10b443700 Exception <a 'java/lang/reflect/InvocationTargetException'{0x000000008a8daef8}> (0x000000008a8daef8) 
thrown [s\src\hotspot\share\runtime\reflection.cpp, line 1127]
Event: 14.652 Thread 0x000001a10b442ce0 Exception <a 'java/lang/reflect/InvocationTargetException'{0x000000008a507380}> (0x000000008a507380) 
thrown [s\src\hotspot\share\runtime\reflection.cpp, line 1127]
Event: 14.653 Thread 0x000001a10b43d1c0 Exception <a 'java/lang/reflect/InvocationTargetException'{0x000000008a5389b0}> (0x000000008a5389b0) 
thrown [s\src\hotspot\share\runtime\reflection.cpp, line 1127]
Event: 14.654 Thread 0x000001a10b43c290 Exception <a 'java/lang/reflect/InvocationTargetException'{0x000000008a8c71f0}> (0x000000008a8c71f0) 
thrown [s\src\hotspot\share\runtime\reflection.cpp, line 1127]
Event: 14.654 Thread 0x000001a10b43ccb0 Exception <a 'java/lang/reflect/InvocationTargetException'{0x000000008a64ed38}> (0x000000008a64ed38) 
thrown [s\src\hotspot\share\runtime\reflection.cpp, line 1127]
Event: 14.665 Thread 0x000001a10b43d6d0 Exception <a 'java/lang/reflect/InvocationTargetException'{0x000000008a300c48}> (0x000000008a300c48) 
thrown [s\src\hotspot\share\runtime\reflection.cpp, line 1127]
Event: 14.667 Thread 0x000001a10c7851e0 Exception <a 'java/lang/reflect/InvocationTargetException'{0x000000008a3182f0}> (0x000000008a3182f0) 
thrown [s\src\hotspot\share\runtime\reflection.cpp, line 1127]

VM Operations (20 events):
Event: 14.612 Executing VM operation: HandshakeAllThreads
Event: 14.612 Executing VM operation: HandshakeAllThreads done
Event: 14.684 Executing VM operation: ICBufferFull
Event: 14.685 Executing VM operation: ICBufferFull done
Event: 14.685 Executing VM operation: ICBufferFull
Event: 14.685 Executing VM operation: ICBufferFull done
Event: 14.715 Executing VM operation: G1CollectForAllocation
Event: 14.724 Executing VM operation: G1CollectForAllocation done
Event: 14.784 Executing VM operation: G1PauseRemark
Event: 14.790 Executing VM operation: G1PauseRemark done
Event: 14.822 Executing VM operation: G1PauseCleanup
Event: 14.824 Executing VM operation: G1PauseCleanup done
Event: 15.012 Executing VM operation: G1CollectForAllocation
Event: 15.018 Executing VM operation: G1CollectForAllocation done
Event: 15.041 Executing VM operation: G1CollectForAllocation
Event: 15.048 Executing VM operation: G1CollectForAllocation done
Event: 15.087 Executing VM operation: G1CollectForAllocation
Event: 15.090 Executing VM operation: G1CollectForAllocation done
Event: 15.544 Executing VM operation: G1CollectForAllocation
Event: 15.554 Executing VM operation: G1CollectForAllocation done

Events (20 events):
Event: 16.153 loading class jdk/internal/reflect/GeneratedMethodAccessor36
Event: 16.153 loading class jdk/internal/reflect/GeneratedMethodAccessor36 done
Event: 16.154 loading class jdk/internal/reflect/GeneratedMethodAccessor36
Event: 16.154 loading class jdk/internal/reflect/GeneratedMethodAccessor36 done
Event: 16.155 loading class jdk/internal/reflect/GeneratedMethodAccessor36
Event: 16.155 loading class jdk/internal/reflect/GeneratedMethodAccessor36 done
Event: 16.155 loading class jdk/internal/reflect/GeneratedMethodAccessor36
Event: 16.155 loading class jdk/internal/reflect/GeneratedMethodAccessor36 done
Event: 16.156 loading class jdk/internal/reflect/GeneratedMethodAccessor36
Event: 16.156 loading class jdk/internal/reflect/GeneratedMethodAccessor36 done
Event: 16.156 loading class jdk/internal/reflect/GeneratedMethodAccessor36
Event: 16.156 loading class jdk/internal/reflect/GeneratedMethodAccessor36 done
Event: 16.156 loading class jdk/internal/reflect/GeneratedMethodAccessor36
Event: 16.156 loading class jdk/internal/reflect/GeneratedMethodAccessor36 done
Event: 16.157 loading class jdk/internal/reflect/GeneratedMethodAccessor36
Event: 16.157 loading class jdk/internal/reflect/GeneratedMethodAccessor36 done
Event: 16.162 loading class jdk/internal/reflect/GeneratedMethodAccessor36
Event: 16.162 loading class jdk/internal/reflect/GeneratedMethodAccessor36 done
Event: 16.163 loading class jdk/internal/reflect/GeneratedMethodAccessor36
Event: 16.163 loading class jdk/internal/reflect/GeneratedMethodAccessor36 done


Dynamic libraries:
0x00007ff77fe00000 - 0x00007ff77fe0a000 	C:\Users\nehdi\.jdks\jbr-17.0.12\bin\java.exe
0x00007ff8174f0000 - 0x00007ff817707000 	C:\WINDOWS\SYSTEM32\ntdll.dll
0x00007ff8159a0000 - 0x00007ff815a64000 	C:\WINDOWS\System32\KERNEL32.DLL
0x00007ff814bb0000 - 0x00007ff814f81000 	C:\WINDOWS\System32\KERNELBASE.dll
0x00007ff8146b0000 - 0x00007ff8147c1000 	C:\WINDOWS\System32\ucrtbase.dll
0x00007ff8078e0000 - 0x00007ff8078fb000 	C:\Users\nehdi\.jdks\jbr-17.0.12\bin\VCRUNTIME140.dll
0x00007ff807900000 - 0x00007ff807917000 	C:\Users\nehdi\.jdks\jbr-17.0.12\bin\jli.dll
0x00007ff8170e0000 - 0x00007ff817291000 	C:\WINDOWS\System32\USER32.dll
0x00007ff80b250000 - 0x00007ff80b4e2000 	C:\WINDOWS\WinSxS\amd64_microsoft.windows.common-controls_6595b64144ccf1df_6.0.22621.4830_none_270fe7d773858e80\COMCTL32.dll
0x00007ff815190000 - 0x00007ff8151b6000 	C:\WINDOWS\System32\win32u.dll
0x00007ff815290000 - 0x00007ff815337000 	C:\WINDOWS\System32\msvcrt.dll
0x00007ff817480000 - 0x00007ff8174a9000 	C:\WINDOWS\System32\GDI32.dll
0x00007ff8147d0000 - 0x00007ff8148eb000 	C:\WINDOWS\System32\gdi32full.dll
0x00007ff8148f0000 - 0x00007ff81498a000 	C:\WINDOWS\System32\msvcp_win.dll
0x00007ff815800000 - 0x00007ff815831000 	C:\WINDOWS\System32\IMM32.DLL
0x00007ff810ce0000 - 0x00007ff810cec000 	C:\Users\nehdi\.jdks\jbr-17.0.12\bin\vcruntime140_1.dll
0x00007ff801360000 - 0x00007ff8013ed000 	C:\Users\nehdi\.jdks\jbr-17.0.12\bin\msvcp140.dll
0x00007fffd3250000 - 0x00007fffd3ed5000 	C:\Users\nehdi\.jdks\jbr-17.0.12\bin\server\jvm.dll
0x00007ff815500000 - 0x00007ff8155b1000 	C:\WINDOWS\System32\ADVAPI32.dll
0x00007ff815e00000 - 0x00007ff815ea7000 	C:\WINDOWS\System32\sechost.dll
0x00007ff814990000 - 0x00007ff8149b8000 	C:\WINDOWS\System32\bcrypt.dll
0x00007ff8155c0000 - 0x00007ff8156d4000 	C:\WINDOWS\System32\RPCRT4.dll
0x00007ff8134a0000 - 0x00007ff8134ed000 	C:\WINDOWS\SYSTEM32\POWRPROF.dll
0x00007fffd76b0000 - 0x00007fffd76b9000 	C:\WINDOWS\SYSTEM32\WSOCK32.dll
0x00007ff80b6b0000 - 0x00007ff80b6e4000 	C:\WINDOWS\SYSTEM32\WINMM.dll
0x00007ff8151c0000 - 0x00007ff815231000 	C:\WINDOWS\System32\WS2_32.dll
0x00007ff810cb0000 - 0x00007ff810cba000 	C:\WINDOWS\SYSTEM32\VERSION.dll
0x00007ff813480000 - 0x00007ff813493000 	C:\WINDOWS\SYSTEM32\UMPDC.dll
0x00007ff813730000 - 0x00007ff813748000 	C:\WINDOWS\SYSTEM32\kernel.appcore.dll
0x00007ff8078d0000 - 0x00007ff8078da000 	C:\Users\nehdi\.jdks\jbr-17.0.12\bin\jimage.dll
0x00007ff801860000 - 0x00007ff801a92000 	C:\WINDOWS\SYSTEM32\DBGHELP.DLL
0x00007ff815a70000 - 0x00007ff815e00000 	C:\WINDOWS\System32\combase.dll
0x00007ff8158c0000 - 0x00007ff815997000 	C:\WINDOWS\System32\OLEAUT32.dll
0x00007ff800450000 - 0x00007ff800482000 	C:\WINDOWS\SYSTEM32\dbgcore.DLL
0x00007ff814630000 - 0x00007ff8146ab000 	C:\WINDOWS\System32\bcryptPrimitives.dll
0x00007ff8078c0000 - 0x00007ff8078ce000 	C:\Users\nehdi\.jdks\jbr-17.0.12\bin\instrument.dll
0x00007ff807810000 - 0x00007ff807835000 	C:\Users\nehdi\.jdks\jbr-17.0.12\bin\java.dll
0x00007ff807850000 - 0x00007ff807868000 	C:\Users\nehdi\.jdks\jbr-17.0.12\bin\zip.dll
0x00007fffe7e30000 - 0x00007fffe7f07000 	C:\Users\nehdi\.jdks\jbr-17.0.12\bin\jsvml.dll
0x00007ff816010000 - 0x00007ff816898000 	C:\WINDOWS\System32\SHELL32.dll
0x00007ff814f90000 - 0x00007ff8150cf000 	C:\WINDOWS\System32\wintypes.dll
0x00007ff812550000 - 0x00007ff812e5d000 	C:\WINDOWS\SYSTEM32\windows.storage.dll
0x00007ff8168a0000 - 0x00007ff8169aa000 	C:\WINDOWS\System32\SHCORE.dll
0x00007ff815840000 - 0x00007ff81589e000 	C:\WINDOWS\System32\shlwapi.dll
0x00007ff814560000 - 0x00007ff81458b000 	C:\WINDOWS\SYSTEM32\profapi.dll
0x00007ff8077f0000 - 0x00007ff807809000 	C:\Users\nehdi\.jdks\jbr-17.0.12\bin\net.dll
0x00007ff8106e0000 - 0x00007ff81080c000 	C:\WINDOWS\SYSTEM32\WINHTTP.dll
0x00007ff813b90000 - 0x00007ff813bfa000 	C:\WINDOWS\system32\mswsock.dll
0x00007ff800040000 - 0x00007ff800056000 	C:\Users\nehdi\.jdks\jbr-17.0.12\bin\nio.dll
0x00007ff800010000 - 0x00007ff80002a000 	C:\Program Files\JetBrains\IntelliJ IDEA 2024.2.1\bin\breakgen64.dll
0x00007ff8131a0000 - 0x00007ff8132a2000 	C:\WINDOWS\SYSTEM32\DNSAPI.dll
0x00007ff813130000 - 0x00007ff81315d000 	C:\WINDOWS\SYSTEM32\IPHLPAPI.DLL
0x00007ff8169b0000 - 0x00007ff8169b9000 	C:\WINDOWS\System32\NSI.dll
0x00007ff80c0f0000 - 0x00007ff80c0fa000 	C:\Windows\System32\rasadhlp.dll
0x00007ff80d440000 - 0x00007ff80d4c3000 	C:\WINDOWS\System32\fwpuclnt.dll
0x00007fffff3f0000 - 0x00007fffff3f9000 	C:\Users\nehdi\.jdks\jbr-17.0.12\bin\extnet.dll
0x00007ff8077e0000 - 0x00007ff8077e9000 	C:\Users\nehdi\.jdks\jbr-17.0.12\bin\management.dll
0x00007ff801b10000 - 0x00007ff801b1b000 	C:\Users\nehdi\.jdks\jbr-17.0.12\bin\management_ext.dll
0x00007ff8154f0000 - 0x00007ff8154f8000 	C:\WINDOWS\System32\PSAPI.DLL
0x00007ff813ee0000 - 0x00007ff813efb000 	C:\WINDOWS\SYSTEM32\CRYPTSP.dll
0x00007ff813690000 - 0x00007ff8136c7000 	C:\WINDOWS\system32\rsaenh.dll
0x00007ff813c30000 - 0x00007ff813c58000 	C:\WINDOWS\SYSTEM32\USERENV.dll
0x00007ff813ec0000 - 0x00007ff813ecc000 	C:\WINDOWS\SYSTEM32\CRYPTBASE.dll
0x00007ff80f550000 - 0x00007ff80f569000 	C:\WINDOWS\SYSTEM32\dhcpcsvc6.DLL
0x00007ff80f490000 - 0x00007ff80f4af000 	C:\WINDOWS\SYSTEM32\dhcpcsvc.DLL
0x00007ffff8c20000 - 0x00007ffff8c37000 	C:\WINDOWS\system32\napinsp.dll
0x00007ffff8c00000 - 0x00007ffff8c1b000 	C:\WINDOWS\system32\pnrpnsp.dll
0x00007ffff8bc0000 - 0x00007ffff8bd1000 	C:\WINDOWS\System32\winrnr.dll
0x00007ffff8be0000 - 0x00007ffff8bf5000 	C:\WINDOWS\system32\wshbth.dll
0x00007ffff7290000 - 0x00007ffff72b7000 	C:\WINDOWS\system32\nlansp_c.dll
0x00007ff8007b0000 - 0x00007ff800800000 	C:\WINDOWS\SYSTEM32\pdh.dll
0x00007ffffe0a0000 - 0x00007ffffe0b1000 	C:\WINDOWS\System32\perfproc.dll
0x00007ffffd490000 - 0x00007ffffd4a0000 	C:\WINDOWS\System32\perfos.dll
0x00007ff811ed0000 - 0x00007ff811ee0000 	C:\WINDOWS\SYSTEM32\pfclient.dll
0x00007ff8006d0000 - 0x00007ff8006de000 	C:\Users\nehdi\.jdks\jbr-17.0.12\bin\sunmscapi.dll
0x00007ff8149c0000 - 0x00007ff814b26000 	C:\WINDOWS\System32\CRYPT32.dll
0x00007ff813fd0000 - 0x00007ff813ffd000 	C:\WINDOWS\SYSTEM32\ncrypt.dll
0x00007ff813f70000 - 0x00007ff813fa7000 	C:\WINDOWS\SYSTEM32\NTASN1.dll
0x00007fffff3e0000 - 0x00007fffff3f0000 	C:\Users\nehdi\.jdks\jbr-17.0.12\bin\verify.dll
0x00007ffffe760000 - 0x00007ffffe768000 	C:\WINDOWS\system32\wshunix.dll

dbghelp: loaded successfully - version: 4.0.5 - missing functions: none
symbol engine: initialized successfully - sym options: 0x614 - pdb path: .;C:\Users\nehdi\.jdks\jbr-17.0.12\bin;C:\WINDOWS\SYSTEM32;C:\WINDOWS\WinSxS\amd64_microsoft.windows.common-controls_6595b64144ccf1df_6.0.22621.4830_none_270fe7d773858e80;C:\Users\nehdi\.jdks\jbr-17.0.12\bin\server;C:\Program Files\JetBrains\IntelliJ IDEA 2024.2.1\bin

VM Arguments:
jvm_args: -XX:TieredStopAtLevel=1 -Dspring.output.ansi.enabled=always -Dcom.sun.management.jmxremote -Dspring.jmx.enabled=true -Dspring.liveBeansView.mbeanDomain -Dspring.application.admin.enabled=true -Dmanagement.endpoints.jmx.exposure.include=* -javaagent:C:\Program Files\JetBrains\IntelliJ IDEA 2024.2.1\lib\idea_rt.jar=61615:C:\Program Files\JetBrains\IntelliJ IDEA 2024.2.1\bin -Dfile.encoding=UTF-8 
java_command: com.esprit.microservice.commande.CommandeApplication
java_class_path (initial): D:\microservice\Commande\target\classes;C:\Users\nehdi\.m2\repository\org\springframework\cloud\spring-cloud-starter-netflix-eureka-client\4.1.3\spring-cloud-starter-netflix-eureka-client-4.1.3.jar;C:\Users\nehdi\.m2\repository\org\springframework\cloud\spring-cloud-starter\4.1.4\spring-cloud-starter-4.1.4.jar;C:\Users\nehdi\.m2\repository\org\springframework\cloud\spring-cloud-context\4.1.4\spring-cloud-context-4.1.4.jar;C:\Users\nehdi\.m2\repository\org\springframework\security\spring-security-rsa\1.1.3\spring-security-rsa-1.1.3.jar;C:\Users\nehdi\.m2\repository\org\springframework\cloud\spring-cloud-netflix-eureka-client\4.1.3\spring-cloud-netflix-eureka-client-4.1.3.jar;C:\Users\nehdi\.m2\repository\org\apache\httpcomponents\client5\httpclient5\5.3.1\httpclient5-5.3.1.jar;C:\Users\nehdi\.m2\repository\org\apache\httpcomponents\core5\httpcore5\5.2.4\httpcore5-5.2.4.jar;C:\Users\nehdi\.m2\repository\org\apache\httpcomponents\core5\httpcore5-h2\5.2.4\httpcore5-h2-5.2.4.jar;C:\Users\nehdi\.m2\repository\com\netflix\eureka\eureka-client\2.0.3\eureka-client-2.0.3.jar;C:\Users\nehdi\.m2\repository\com\thoughtworks\xstream\xstream\1.4.20\xstream-1.4.20.jar;C:\Users\nehdi\.m2\repository\io\github\x-stream\mxparser\1.2.2\mxparser-1.2.2.jar;C:\Users\nehdi\.m2\repository\xmlpull\xmlpull\1.1.3.1\xmlpull-1.1.3.1.jar;C:\Users\nehdi\.m2\repository\jakarta\ws\rs\jakarta.ws.rs-api\3.1.0\jakarta.ws.rs-api-3.1.0.jar;C:\Users\nehdi\.m2\repository\jakarta\inject\jakarta.inject-api\2.0.1\jakarta.inject-api-2.0.1.jar;C:\Users\nehdi\.m2\repository\jakarta\annotation\jakarta.annotation-api\2.1.1\jakarta.annotation-api-2.1.1.jar;C:\Users\nehdi\.m2\repository\com\netflix\spectator\spectator-api\1.7.3\spectator-api-1.7.3.jar;C:\Users\nehdi\.m2\repository\org\apache\httpcomponents\httpclient\4.5.3\httpclient-4.5.3.jar;C:\Users\nehdi\.m2\repository\org\apache\httpcomponents\httpcore\4.4.16\httpcore-4.4.16.jar;C:\Users\nehdi\.m2\repository\commons-configuration\com
Launcher Type: SUN_STANDARD

[Global flags]
     intx CICompilerCount                          = 4                                         {product} {ergonomic}
     uint ConcGCThreads                            = 2                                         {product} {ergonomic}
     uint G1ConcRefinementThreads                  = 8                                         {product} {ergonomic}
   size_t G1HeapRegionSize                         = 1048576                                   {product} {ergonomic}
    uintx GCDrainStackTargetSize                   = 64                                        {product} {ergonomic}
   size_t InitialHeapSize                          = 132120576                                 {product} {ergonomic}
     bool ManagementServer                         = true                                      {product} {command line}
   size_t MarkStackSize                            = 4194304                                   {product} {ergonomic}
   size_t MaxHeapSize                              = 2107637760                                {product} {ergonomic}
   size_t MaxNewSize                               = 1264582656                                {product} {ergonomic}
   size_t MinHeapDeltaBytes                        = 1048576                                   {product} {ergonomic}
   size_t MinHeapSize                              = 8388608                                   {product} {ergonomic}
    uintx NonProfiledCodeHeapSize                  = 0                                      {pd product} {ergonomic}
     bool ProfileInterpreter                       = false                                  {pd product} {command line}
    uintx ProfiledCodeHeapSize                     = 0                                      {pd product} {ergonomic}
   size_t SoftMaxHeapSize                          = 2107637760                             {manageable} {ergonomic}
     intx TieredStopAtLevel                        = 1                                         {product} {command line}
     bool UseCompressedClassPointers               = true                           {product lp64_product} {ergonomic}
     bool UseCompressedOops                        = true                           {product lp64_product} {ergonomic}
     bool UseG1GC                                  = true                                      {product} {ergonomic}
     bool UseLargePagesIndividualAllocation        = false                                  {pd product} {ergonomic}

Logging:
Log output configuration:
 #0: stdout all=warning uptime,level,tags
 #1: stderr all=off uptime,level,tags

Environment Variables:
JAVA_HOME=D:\Java
PATH=C:\Program Files\Common Files\Oracle\Java\javapath;D:\Oracle\app\oracle\product\11.2.0\server\bin;C:\WINDOWS\system32;C:\WINDOWS;C:\WINDOWS\System32\Wbem;C:\WINDOWS\System32\WindowsPowerShell\v1.0\;C:\WINDOWS\System32\OpenSSH\;C:\Program Files\nodejs\;C:\Program Files\Git\cmd;C:\Program Files\Microsoft SQL Server\150\Tools\Binn\;C:\Program Files\Microsoft SQL Server\Client SDK\ODBC\170\Tools\Binn\;C:\Program Files\dotnet\;C:\Program Files\Docker\Docker\resources\bin;D:\Java\bin;C:\Users\nehdi\AppData\Local\Microsoft\WindowsApps;C:\Users\nehdi\AppData\Roaming\npm;C:\Users\nehdi\AppData\Local\Programs\Microsoft VS Code\bin;C:\Program Files\JetBrains\IntelliJ IDEA 2024.2.1\bin;;C:\Program Files\MongoDB\Server\5.0\bin;C:\Program Files\MongoDB\DatabaseTools\bin;C:\Users\nehdi\.dotnet\tools
USERNAME=nehdi
OS=Windows_NT
PROCESSOR_IDENTIFIER=Intel64 Family 6 Model 158 Stepping 10, GenuineIntel
TMP=C:\Users\nehdi\AppData\Local\Temp
TEMP=C:\Users\nehdi\AppData\Local\Temp



Periodic native trim disabled

JNI global refs:
JNI global refs: 20, weak refs: 41

JNI global refs memory usage: 843, weak refs: 841

OOME stack traces (most recent first):
Classloader memory used:
Loader jdk.internal.loader.ClassLoaders$AppClassLoader                                 : 5802K
Loader bootstrap                                                                       : 2649K
Loader jdk.internal.reflect.DelegatingClassLoader                                      : 44286B
Loader jdk.internal.loader.ClassLoaders$PlatformClassLoader                            : 32379B
Loader sun.reflect.misc.MethodUtil                                                     : 373B


---------------  S Y S T E M  ---------------

OS:
 Windows 11 , 64 bit Build 22621 (10.0.22621.4974)
OS uptime: 0 days 4:22 hours
Hyper-V role detected

CPU: total 8 (initial active 8) (4 cores per cpu, 2 threads per core) family 6 model 158 stepping 10 microcode 0xde, cx8, cmov, fxsr, ht, mmx, 3dnowpref, sse, sse2, sse3, ssse3, sse4.1, sse4.2, popcnt, lzcnt, tsc, tscinvbit, avx, avx2, aes, erms, clmul, bmi1, bmi2, adx, fma, vzeroupper, clflush, clflushopt, hv
Processor Information for all 8 processors :
  Max Mhz: 2401, Current Mhz: 2400, Mhz Limit: 2376

Memory: 4k page, system-wide physical 8036M (132M free)
TotalPageFile size 23137M (AvailPageFile size 4M)
current process WorkingSet (physical memory assigned to process): 470M, peak: 470M
current process commit charge ("private bytes"): 528M, peak: 529M

vm_info: OpenJDK 64-Bit Server VM (17.0.12+1-b1087.25) for windows-amd64 JRE (17.0.12+1-b1087.25), built on 2024-08-30 by "builduser" with MS VC++ 16.10 / 16.11 (VS2019)

END.
